#
# There is insufficient memory for the Java Runtime Environment to continue.
# Native memory allocation (malloc) failed to allocate 38528 bytes for Chunk::new
# Possible reasons:
#   The system is out of physical RAM or swap space
#   The process is running with CompressedOops enabled, and the Java Heap may be blocking the growth of the native heap
# Possible solutions:
#   Reduce memory load on the system
#   Increase physical memory or swap space
#   Check if swap backing store is full
#   Decrease Java heap size (-Xmx/-Xms)
#   Decrease number of Java threads
#   Decrease Java thread stack sizes (-Xss)
#   Set larger code cache with -XX:ReservedCodeCacheSize=
#   JVM is running with Unscaled Compressed Oops mode in which the Java heap is
#     placed in the first 4GB address space. The Java Heap base address is the
#     maximum limit for the native heap growth. Please use -XX:HeapBaseMinAddress
#     to set the Java Heap base and to place the Java Heap above 4GB virtual address.
# This output file may be truncated or incomplete.
#
#  Out of Memory Error (allocation.cpp:389), pid=12220, tid=0x000000000000316c
#
# JRE version: Java(TM) SE Runtime Environment (8.0_202-b08) (build 1.8.0_202-b08)
# Java VM: Java HotSpot(TM) 64-Bit Server VM (25.202-b08 mixed mode windows-amd64 compressed oops)
# Failed to write core dump. Minidumps are not enabled by default on client versions of Windows
#

---------------  T H R E A D  ---------------

Current thread (0x00000000154d4000):  JavaThread "C2 CompilerThread0" daemon [_thread_in_native, id=12652, stack(0x0000000016520000,0x0000000016620000)]

Stack: [0x0000000016520000,0x0000000016620000]
[error occurred during error reporting (printing stack bounds), id 0xc0000005]

Native frames: (J=compiled Java code, j=interpreted, Vv=VM code, C=native code)


Current CompileTask:
C2:   6278 2259       4       java.net.URLClassLoader$1::run (5 bytes)


---------------  P R O C E S S  ---------------

Java Threads: ( => current thread )
  0x0000000016a0b800 JavaThread "restartedMain" [_thread_in_Java, id=9296, stack(0x0000000018760000,0x0000000018860000)]
  0x0000000017552000 JavaThread "Thread-0" [_thread_blocked, id=14776, stack(0x0000000018660000,0x0000000018760000)]
  0x0000000015547000 JavaThread "Service Thread" daemon [_thread_blocked, id=15372, stack(0x0000000016720000,0x0000000016820000)]
  0x00000000154d6000 JavaThread "C1 CompilerThread1" daemon [_thread_blocked, id=13952, stack(0x0000000016620000,0x0000000016720000)]
=>0x00000000154d4000 JavaThread "C2 CompilerThread0" daemon [_thread_in_native, id=12652, stack(0x0000000016520000,0x0000000016620000)]
  0x00000000154d3000 JavaThread "Attach Listener" daemon [_thread_blocked, id=14636, stack(0x0000000016420000,0x0000000016520000)]
  0x00000000154cd800 JavaThread "Signal Dispatcher" daemon [_thread_blocked, id=11708, stack(0x0000000016320000,0x0000000016420000)]
  0x000000000321d000 JavaThread "Finalizer" daemon [_thread_blocked, id=15192, stack(0x0000000016100000,0x0000000016200000)]
  0x00000000154b8000 JavaThread "Reference Handler" daemon [_thread_blocked, id=12388, stack(0x0000000016000000,0x0000000016100000)]
  0x0000000003127000 JavaThread "main" [_thread_blocked, id=11292, stack(0x0000000002f40000,0x0000000003040000)]

Other Threads:
  0x0000000015496800 VMThread [stack: 0x0000000015f00000,0x0000000016000000] [id=9488]
  0x0000000016868800 WatcherThread [stack: 0x0000000016d90000,0x0000000016e90000] [id=13088]

VM state:not at safepoint (normal execution)

VM Mutex/Monitor currently owned by a thread: None

heap address: 0x00000000c3400000, size: 972 MB, Compressed Oops mode: 32-bit
Narrow klass base: 0x0000000000000000, Narrow klass shift: 3
Compressed class space size: 1073741824 Address: 0x0000000100000000

Heap:
 PSYoungGen      total 34304K, used 22013K [0x00000000ebc00000, 0x00000000ef880000, 0x0000000100000000)
  eden space 31744K, 61% used [0x00000000ebc00000,0x00000000ecf02cc0,0x00000000edb00000)
  from space 2560K, 99% used [0x00000000edb00000,0x00000000edd7c7c0,0x00000000edd80000)
  to   space 7168K, 0% used [0x00000000ef180000,0x00000000ef180000,0x00000000ef880000)
 ParOldGen       total 28672K, used 6672K [0x00000000c3400000, 0x00000000c5000000, 0x00000000ebc00000)
  object space 28672K, 23% used [0x00000000c3400000,0x00000000c3a84370,0x00000000c5000000)
 Metaspace       used 22245K, capacity 23446K, committed 23552K, reserved 1069056K
  class space    used 2789K, capacity 3051K, committed 3072K, reserved 1048576K

Card table byte_map: [0x00000000125e0000,0x00000000127d0000] byte_map_base: 0x0000000011fc6000

Marking Bits: (ParMarkBitMap*) 0x000000006d4a5ce0
 Begin Bits: [0x0000000012b20000, 0x0000000013a50000)
 End Bits:   [0x0000000013a50000, 0x0000000014980000)

Polling page: 0x0000000001150000

CodeCache: size=245760Kb used=7830Kb max_used=7830Kb free=237929Kb
 bounds [0x0000000003220000, 0x00000000039d0000, 0x0000000012220000]
 total_blobs=2637 nmethods=2277 adapters=273
 compilation: enabled

Compilation events (10 events):
Event: 6.250 Thread 0x00000000154d6000 2274       3       org.springframework.core.ResolvableType$1::isAssignableFrom (33 bytes)
Event: 6.250 Thread 0x00000000154d6000 nmethod 2274 0x00000000039c65d0 code [0x00000000039c6740, 0x00000000039c6a28]
Event: 6.250 Thread 0x00000000154d6000 2275       3       org.springframework.beans.factory.support.DefaultListableBeanFactory::isSingleton (17 bytes)
Event: 6.251 Thread 0x00000000154d6000 nmethod 2275 0x00000000039c6b10 code [0x00000000039c6ca0, 0x00000000039c7208]
Event: 6.254 Thread 0x00000000154d6000 2276       3       java.util.Collections::addAll (43 bytes)
Event: 6.254 Thread 0x00000000154d6000 nmethod 2276 0x00000000039c7390 code [0x00000000039c7500, 0x00000000039c7808]
Event: 6.270 Thread 0x00000000154d6000 2277       3       java.lang.Class::getMethod (64 bytes)
Event: 6.271 Thread 0x00000000154d6000 nmethod 2277 0x00000000039c7950 code [0x00000000039c7ba0, 0x00000000039c8828]
Event: 6.271 Thread 0x00000000154d6000 2278       3       java.lang.Class::forName (15 bytes)
Event: 6.272 Thread 0x00000000154d6000 nmethod 2278 0x00000000039c8dd0 code [0x00000000039c8f60, 0x00000000039c9238]

GC Heap History (10 events):
Event: 4.505 GC heap before
{Heap before GC invocations=8 (full 0):
 PSYoungGen      total 34304K, used 34268K [0x00000000ebc00000, 0x00000000ee000000, 0x0000000100000000)
  eden space 31744K, 99% used [0x00000000ebc00000,0x00000000edaf9d00,0x00000000edb00000)
  from space 2560K, 99% used [0x00000000edb00000,0x00000000edd7d310,0x00000000edd80000)
  to   space 2560K, 0% used [0x00000000edd80000,0x00000000edd80000,0x00000000ee000000)
 ParOldGen       total 42496K, used 10370K [0x00000000c3400000, 0x00000000c5d80000, 0x00000000ebc00000)
  object space 42496K, 24% used [0x00000000c3400000,0x00000000c3e20888,0x00000000c5d80000)
 Metaspace       used 19744K, capacity 20652K, committed 20864K, reserved 1067008K
  class space    used 2459K, capacity 2673K, committed 2688K, reserved 1048576K
Event: 4.517 GC heap after
Heap after GC invocations=8 (full 0):
 PSYoungGen      total 34304K, used 2544K [0x00000000ebc00000, 0x00000000ee000000, 0x0000000100000000)
  eden space 31744K, 0% used [0x00000000ebc00000,0x00000000ebc00000,0x00000000edb00000)
  from space 2560K, 99% used [0x00000000edd80000,0x00000000edffc010,0x00000000ee000000)
  to   space 2560K, 0% used [0x00000000edb00000,0x00000000edb00000,0x00000000edd80000)
 ParOldGen       total 42496K, used 11853K [0x00000000c3400000, 0x00000000c5d80000, 0x00000000ebc00000)
  object space 42496K, 27% used [0x00000000c3400000,0x00000000c3f936e8,0x00000000c5d80000)
 Metaspace       used 19744K, capacity 20652K, committed 20864K, reserved 1067008K
  class space    used 2459K, capacity 2673K, committed 2688K, reserved 1048576K
}
Event: 4.604 GC heap before
{Heap before GC invocations=9 (full 0):
 PSYoungGen      total 34304K, used 34288K [0x00000000ebc00000, 0x00000000ee000000, 0x0000000100000000)
  eden space 31744K, 100% used [0x00000000ebc00000,0x00000000edb00000,0x00000000edb00000)
  from space 2560K, 99% used [0x00000000edd80000,0x00000000edffc010,0x00000000ee000000)
  to   space 2560K, 0% used [0x00000000edb00000,0x00000000edb00000,0x00000000edd80000)
 ParOldGen       total 42496K, used 11853K [0x00000000c3400000, 0x00000000c5d80000, 0x00000000ebc00000)
  object space 42496K, 27% used [0x00000000c3400000,0x00000000c3f936e8,0x00000000c5d80000)
 Metaspace       used 20167K, capacity 21068K, committed 21248K, reserved 1067008K
  class space    used 2499K, capacity 2705K, committed 2816K, reserved 1048576K
Event: 4.616 GC heap after
Heap after GC invocations=9 (full 0):
 PSYoungGen      total 34304K, used 2126K [0x00000000ebc00000, 0x00000000ee000000, 0x0000000100000000)
  eden space 31744K, 0% used [0x00000000ebc00000,0x00000000ebc00000,0x00000000edb00000)
  from space 2560K, 83% used [0x00000000edb00000,0x00000000edd13a90,0x00000000edd80000)
  to   space 2560K, 0% used [0x00000000edd80000,0x00000000edd80000,0x00000000ee000000)
 ParOldGen       total 42496K, used 12969K [0x00000000c3400000, 0x00000000c5d80000, 0x00000000ebc00000)
  object space 42496K, 30% used [0x00000000c3400000,0x00000000c40aa510,0x00000000c5d80000)
 Metaspace       used 20167K, capacity 21068K, committed 21248K, reserved 1067008K
  class space    used 2499K, capacity 2705K, committed 2816K, reserved 1048576K
}
Event: 4.639 GC heap before
{Heap before GC invocations=10 (full 0):
 PSYoungGen      total 34304K, used 3595K [0x00000000ebc00000, 0x00000000ee000000, 0x0000000100000000)
  eden space 31744K, 4% used [0x00000000ebc00000,0x00000000ebd6f430,0x00000000edb00000)
  from space 2560K, 83% used [0x00000000edb00000,0x00000000edd13a90,0x00000000edd80000)
  to   space 2560K, 0% used [0x00000000edd80000,0x00000000edd80000,0x00000000ee000000)
 ParOldGen       total 42496K, used 12969K [0x00000000c3400000, 0x00000000c5d80000, 0x00000000ebc00000)
  object space 42496K, 30% used [0x00000000c3400000,0x00000000c40aa510,0x00000000c5d80000)
 Metaspace       used 20235K, capacity 21142K, committed 21248K, reserved 1067008K
  class space    used 2514K, capacity 2710K, committed 2816K, reserved 1048576K
Event: 4.645 GC heap after
Heap after GC invocations=10 (full 0):
 PSYoungGen      total 34304K, used 390K [0x00000000ebc00000, 0x00000000ee000000, 0x0000000100000000)
  eden space 31744K, 0% used [0x00000000ebc00000,0x00000000ebc00000,0x00000000edb00000)
  from space 2560K, 15% used [0x00000000edd80000,0x00000000edde1af8,0x00000000ee000000)
  to   space 2560K, 0% used [0x00000000edb00000,0x00000000edb00000,0x00000000edd80000)
 ParOldGen       total 42496K, used 14417K [0x00000000c3400000, 0x00000000c5d80000, 0x00000000ebc00000)
  object space 42496K, 33% used [0x00000000c3400000,0x00000000c4214540,0x00000000c5d80000)
 Metaspace       used 20235K, capacity 21142K, committed 21248K, reserved 1067008K
  class space    used 2514K, capacity 2710K, committed 2816K, reserved 1048576K
}
Event: 4.645 GC heap before
{Heap before GC invocations=11 (full 1):
 PSYoungGen      total 34304K, used 390K [0x00000000ebc00000, 0x00000000ee000000, 0x0000000100000000)
  eden space 31744K, 0% used [0x00000000ebc00000,0x00000000ebc00000,0x00000000edb00000)
  from space 2560K, 15% used [0x00000000edd80000,0x00000000edde1af8,0x00000000ee000000)
  to   space 2560K, 0% used [0x00000000edb00000,0x00000000edb00000,0x00000000edd80000)
 ParOldGen       total 42496K, used 14417K [0x00000000c3400000, 0x00000000c5d80000, 0x00000000ebc00000)
  object space 42496K, 33% used [0x00000000c3400000,0x00000000c4214540,0x00000000c5d80000)
 Metaspace       used 20235K, capacity 21142K, committed 21248K, reserved 1067008K
  class space    used 2514K, capacity 2710K, committed 2816K, reserved 1048576K
Event: 4.732 GC heap after
Heap after GC invocations=11 (full 1):
 PSYoungGen      total 34304K, used 0K [0x00000000ebc00000, 0x00000000ee000000, 0x0000000100000000)
  eden space 31744K, 0% used [0x00000000ebc00000,0x00000000ebc00000,0x00000000edb00000)
  from space 2560K, 0% used [0x00000000edd80000,0x00000000edd80000,0x00000000ee000000)
  to   space 2560K, 0% used [0x00000000edb00000,0x00000000edb00000,0x00000000edd80000)
 ParOldGen       total 28672K, used 6487K [0x00000000c3400000, 0x00000000c5000000, 0x00000000ebc00000)
  object space 28672K, 22% used [0x00000000c3400000,0x00000000c3a55e60,0x00000000c5000000)
 Metaspace       used 20235K, capacity 21142K, committed 21248K, reserved 1067008K
  class space    used 2514K, capacity 2710K, committed 2816K, reserved 1048576K
}
Event: 5.860 GC heap before
{Heap before GC invocations=12 (full 1):
 PSYoungGen      total 34304K, used 31744K [0x00000000ebc00000, 0x00000000ee000000, 0x0000000100000000)
  eden space 31744K, 100% used [0x00000000ebc00000,0x00000000edb00000,0x00000000edb00000)
  from space 2560K, 0% used [0x00000000edd80000,0x00000000edd80000,0x00000000ee000000)
  to   space 2560K, 0% used [0x00000000edb00000,0x00000000edb00000,0x00000000edd80000)
 ParOldGen       total 28672K, used 6487K [0x00000000c3400000, 0x00000000c5000000, 0x00000000ebc00000)
  object space 28672K, 22% used [0x00000000c3400000,0x00000000c3a55e60,0x00000000c5000000)
 Metaspace       used 21162K, capacity 22276K, committed 22400K, reserved 1069056K
  class space    used 2642K, capacity 2896K, committed 2944K, reserved 1048576K
Event: 5.865 GC heap after
Heap after GC invocations=12 (full 1):
 PSYoungGen      total 34304K, used 2545K [0x00000000ebc00000, 0x00000000ef880000, 0x0000000100000000)
  eden space 31744K, 0% used [0x00000000ebc00000,0x00000000ebc00000,0x00000000edb00000)
  from space 2560K, 99% used [0x00000000edb00000,0x00000000edd7c7c0,0x00000000edd80000)
  to   space 7168K, 0% used [0x00000000ef180000,0x00000000ef180000,0x00000000ef880000)
 ParOldGen       total 28672K, used 6672K [0x00000000c3400000, 0x00000000c5000000, 0x00000000ebc00000)
  object space 28672K, 23% used [0x00000000c3400000,0x00000000c3a84370,0x00000000c5000000)
 Metaspace       used 21162K, capacity 22276K, committed 22400K, reserved 1069056K
  class space    used 2642K, capacity 2896K, committed 2944K, reserved 1048576K
}

Deoptimization events (10 events):
Event: 5.377 Thread 0x0000000016a0b800 Uncommon trap: reason=array_check action=maybe_recompile pc=0x00000000038c8c30 method=java.util.AbstractCollection.toArray([Ljava/lang/Object;)[Ljava/lang/Object; @ 119
Event: 5.386 Thread 0x0000000016a0b800 Uncommon trap: reason=array_check action=maybe_recompile pc=0x00000000038c8c30 method=java.util.AbstractCollection.toArray([Ljava/lang/Object;)[Ljava/lang/Object; @ 119
Event: 5.387 Thread 0x0000000016a0b800 Uncommon trap: reason=array_check action=maybe_recompile pc=0x00000000038c8c30 method=java.util.AbstractCollection.toArray([Ljava/lang/Object;)[Ljava/lang/Object; @ 119
Event: 5.391 Thread 0x0000000016a0b800 Uncommon trap: reason=array_check action=maybe_recompile pc=0x00000000038c8c30 method=java.util.AbstractCollection.toArray([Ljava/lang/Object;)[Ljava/lang/Object; @ 119
Event: 6.026 Thread 0x0000000016a0b800 Uncommon trap: reason=class_check action=maybe_recompile pc=0x000000000343d1d4 method=java.lang.String.equals(Ljava/lang/Object;)Z @ 8
Event: 6.026 Thread 0x0000000016a0b800 Uncommon trap: reason=class_check action=maybe_recompile pc=0x000000000343d1d4 method=java.lang.String.equals(Ljava/lang/Object;)Z @ 8
Event: 6.026 Thread 0x0000000016a0b800 Uncommon trap: reason=class_check action=maybe_recompile pc=0x000000000343d1d4 method=java.lang.String.equals(Ljava/lang/Object;)Z @ 8
Event: 6.028 Thread 0x0000000016a0b800 Uncommon trap: reason=unstable_if action=reinterpret pc=0x000000000389aa60 method=org.springframework.core.annotation.MergedAnnotationsCollection.isMappingForType(Lorg/springframework/core/annotation/AnnotationTypeMapping;Ljava/lang/Object;)Z @ 13
Event: 6.028 Thread 0x0000000016a0b800 Uncommon trap: reason=class_check action=maybe_recompile pc=0x000000000343d1d4 method=java.lang.String.equals(Ljava/lang/Object;)Z @ 8
Event: 6.162 Thread 0x0000000016a0b800 Uncommon trap: reason=unstable_if action=reinterpret pc=0x0000000003681fb8 method=java.util.Arrays.equals([Ljava/lang/Object;[Ljava/lang/Object;)Z @ 65

Classes redefined (0 events):
No events

Internal exceptions (10 events):
Event: 3.488 Thread 0x0000000016a0b800 Exception <a 'java/lang/ClassNotFoundException': org/springframework/beans/factory/AwareCustomizer> (0x00000000ece76970) thrown at [C:\re\workspace\8-2-build-windows-amd64-cygwin\jdk8u202\12323\hotspot\src\share\vm\classfile\systemDictionary.cpp, line 210
Event: 3.489 Thread 0x0000000016a0b800 Exception <a 'java/lang/ClassNotFoundException': org/springframework/beans/factory/BeanClassLoaderAwareCustomizer> (0x00000000ece93930) thrown at [C:\re\workspace\8-2-build-windows-amd64-cygwin\jdk8u202\12323\hotspot\src\share\vm\classfile\systemDictionar
Event: 3.490 Thread 0x0000000016a0b800 Exception <a 'java/lang/ClassNotFoundException': org/springframework/beans/factory/AwareCustomizer> (0x00000000eceacb68) thrown at [C:\re\workspace\8-2-build-windows-amd64-cygwin\jdk8u202\12323\hotspot\src\share\vm\classfile\systemDictionary.cpp, line 210
Event: 3.492 Thread 0x0000000016a0b800 Exception <a 'java/lang/ClassNotFoundException': org/springframework/context/EnvironmentAwareCustomizer> (0x00000000ecec6628) thrown at [C:\re\workspace\8-2-build-windows-amd64-cygwin\jdk8u202\12323\hotspot\src\share\vm\classfile\systemDictionary.cpp, lin
Event: 3.493 Thread 0x0000000016a0b800 Exception <a 'java/lang/ClassNotFoundException': org/springframework/beans/factory/AwareCustomizer> (0x00000000ecee36b0) thrown at [C:\re\workspace\8-2-build-windows-amd64-cygwin\jdk8u202\12323\hotspot\src\share\vm\classfile\systemDictionary.cpp, line 210
Event: 3.778 Thread 0x000000001772f800 Exception <a 'java/lang/IncompatibleClassChangeError': Found class java.lang.Object, but interface was expected> (0x00000000ebd9c380) thrown at [C:\re\workspace\8-2-build-windows-amd64-cygwin\jdk8u202\12323\hotspot\src\share\vm\interpreter\linkResolver.cp
Event: 4.081 Thread 0x0000000016a0b800 Exception <a 'java/lang/NoSuchMethodError': java.lang.Object.lambda$or$2(Ljava/util/function/Predicate;Ljava/lang/Object;)Z> (0x00000000ec96c300) thrown at [C:\re\workspace\8-2-build-windows-amd64-cygwin\jdk8u202\12323\hotspot\src\share\vm\interpreter\lin
Event: 4.634 Thread 0x0000000016a0b800 Exception <a 'java/lang/IncompatibleClassChangeError': Found class java.lang.Object, but interface was expected> (0x00000000ebd25038) thrown at [C:\re\workspace\8-2-build-windows-amd64-cygwin\jdk8u202\12323\hotspot\src\share\vm\interpreter\linkResolver.cp
Event: 4.805 Thread 0x0000000016a0b800 Exception <a 'java/lang/NoSuchMethodError': java.lang.Object.lambda$getAllAnnotationAttributes$0(Lorg/springframework/util/MultiValueMap;)Lorg/springframework/util/MultiValueMap;> (0x00000000ebe42438) thrown at [C:\re\workspace\8-2-build-windows-amd64-cyg
Event: 4.807 Thread 0x0000000016a0b800 Exception <a 'java/lang/NoSuchMethodError': java.lang.Object.lambda$identity$2(Ljava/lang/Object;)Ljava/lang/Object;> (0x00000000ebe56c18) thrown at [C:\re\workspace\8-2-build-windows-amd64-cygwin\jdk8u202\12323\hotspot\src\share\vm\interpreter\linkResolv

Events (10 events):
Event: 6.264 loading class org/springframework/boot/task/TaskExecutorBuilder
Event: 6.264 loading class org/springframework/boot/task/TaskExecutorBuilder done
Event: 6.266 loading class org/springframework/boot/autoconfigure/web/servlet/DispatcherServletRegistrationBean
Event: 6.266 loading class org/springframework/boot/autoconfigure/web/servlet/DispatcherServletRegistrationBean done
Event: 6.267 loading class org/springframework/boot/autoconfigure/web/servlet/DispatcherServletPath
Event: 6.267 loading class org/springframework/boot/autoconfigure/web/servlet/DispatcherServletPath done
Event: 6.273 loading class org/springframework/boot/autoconfigure/web/servlet/DispatcherServletAutoConfiguration
Event: 6.273 loading class org/springframework/boot/autoconfigure/web/servlet/DispatcherServletAutoConfiguration done
Event: 6.273 loading class org/springframework/boot/autoconfigure/task/TaskExecutionAutoConfiguration
Event: 6.273 loading class org/springframework/boot/autoconfigure/task/TaskExecutionAutoConfiguration done


Dynamic libraries:
0x00007ff67e0b0000 - 0x00007ff67e0e7000 	C:\Program Files\Java\jdk1.8.0_202\bin\java.exe
0x00007ffded670000 - 0x00007ffded868000 	C:\WINDOWS\SYSTEM32\ntdll.dll
0x00007ffdec5c0000 - 0x00007ffdec67f000 	C:\WINDOWS\System32\KERNEL32.DLL
0x00007ffdeb360000 - 0x00007ffdeb656000 	C:\WINDOWS\System32\KERNELBASE.dll
0x00007ffdec680000 - 0x00007ffdec72f000 	C:\WINDOWS\System32\ADVAPI32.dll
0x00007ffdecd80000 - 0x00007ffdece1e000 	C:\WINDOWS\System32\msvcrt.dll
0x00007ffdec790000 - 0x00007ffdec82c000 	C:\WINDOWS\System32\sechost.dll
0x00007ffded480000 - 0x00007ffded5a6000 	C:\WINDOWS\System32\RPCRT4.dll
0x00007ffdebfc0000 - 0x00007ffdec15d000 	C:\WINDOWS\System32\USER32.dll
0x00007ffdeaf40000 - 0x00007ffdeaf62000 	C:\WINDOWS\System32\win32u.dll
0x00007ffded220000 - 0x00007ffded24c000 	C:\WINDOWS\System32\GDI32.dll
0x00007ffdeb0f0000 - 0x00007ffdeb205000 	C:\WINDOWS\System32\gdi32full.dll
0x00007ffdeafa0000 - 0x00007ffdeb03d000 	C:\WINDOWS\System32\msvcp_win.dll
0x00007ffdeae40000 - 0x00007ffdeaf40000 	C:\WINDOWS\System32\ucrtbase.dll
0x00007ffdda0f0000 - 0x00007ffdda38a000 	C:\WINDOWS\WinSxS\amd64_microsoft.windows.common-controls_6595b64144ccf1df_6.0.19041.1110_none_60b5254171f9507e\COMCTL32.dll
0x00007ffdec590000 - 0x00007ffdec5c0000 	C:\WINDOWS\System32\IMM32.DLL
0x000000006cba0000 - 0x000000006cc72000 	C:\Program Files\Java\jdk1.8.0_202\jre\bin\msvcr100.dll
0x000000006cc80000 - 0x000000006d525000 	C:\Program Files\Java\jdk1.8.0_202\jre\bin\server\jvm.dll
0x00007ffded620000 - 0x00007ffded628000 	C:\WINDOWS\System32\PSAPI.DLL
0x00007ffdc6fb0000 - 0x00007ffdc6fd7000 	C:\WINDOWS\SYSTEM32\WINMM.dll
0x00007ffde4010000 - 0x00007ffde4019000 	C:\WINDOWS\SYSTEM32\WSOCK32.dll
0x00007ffded5b0000 - 0x00007ffded61b000 	C:\WINDOWS\System32\WS2_32.dll
0x00007ffde2b80000 - 0x00007ffde2b8a000 	C:\WINDOWS\SYSTEM32\VERSION.dll
0x00007ffde68d0000 - 0x00007ffde68df000 	C:\Program Files\Java\jdk1.8.0_202\jre\bin\verify.dll
0x00007ffdce450000 - 0x00007ffdce479000 	C:\Program Files\Java\jdk1.8.0_202\jre\bin\java.dll
0x00007ffdd7df0000 - 0x00007ffdd7e06000 	C:\Program Files\Java\jdk1.8.0_202\jre\bin\zip.dll
0x00007ffdeb870000 - 0x00007ffdebfb4000 	C:\WINDOWS\System32\SHELL32.dll
0x00007ffde8eb0000 - 0x00007ffde9643000 	C:\WINDOWS\SYSTEM32\windows.storage.dll
0x00007ffdec230000 - 0x00007ffdec584000 	C:\WINDOWS\System32\combase.dll
0x00007ffdea6d0000 - 0x00007ffdea6fe000 	C:\WINDOWS\SYSTEM32\Wldp.dll
0x00007ffded3d0000 - 0x00007ffded47d000 	C:\WINDOWS\System32\SHCORE.dll
0x00007ffdecd20000 - 0x00007ffdecd75000 	C:\WINDOWS\System32\shlwapi.dll
0x00007ffdead80000 - 0x00007ffdead9f000 	C:\WINDOWS\SYSTEM32\profapi.dll
0x00007ffde6840000 - 0x00007ffde684d000 	C:\Program Files\Java\jdk1.8.0_202\jre\bin\management.dll
0x00007ffdd7980000 - 0x00007ffdd799a000 	C:\Program Files\Java\jdk1.8.0_202\jre\bin\net.dll
0x00007ffddb8d0000 - 0x00007ffddbabc000 	C:\WINDOWS\SYSTEM32\urlmon.dll
0x00007ffddbc80000 - 0x00007ffddbf31000 	C:\WINDOWS\SYSTEM32\iertutil.dll
0x00007ffdea2d0000 - 0x00007ffdea2dc000 	C:\WINDOWS\SYSTEM32\netutils.dll
0x00007ffddb8a0000 - 0x00007ffddb8c8000 	C:\WINDOWS\SYSTEM32\srvcli.dll
0x00007ffdea4b0000 - 0x00007ffdea51a000 	C:\WINDOWS\system32\mswsock.dll
0x00007ffdd30a0000 - 0x00007ffdd30b7000 	C:\WINDOWS\system32\napinsp.dll
0x00007ffdd3080000 - 0x00007ffdd309b000 	C:\WINDOWS\system32\pnrpnsp.dll
0x00007ffdc93e0000 - 0x00007ffdc93f5000 	C:\WINDOWS\system32\wshbth.dll
0x00007ffde6780000 - 0x00007ffde679d000 	C:\WINDOWS\system32\NLAapi.dll
0x00007ffdea1c0000 - 0x00007ffdea1fc000 	C:\WINDOWS\SYSTEM32\IPHLPAPI.DLL
0x00007ffdea200000 - 0x00007ffdea2ca000 	C:\WINDOWS\SYSTEM32\DNSAPI.dll
0x00007ffdecf80000 - 0x00007ffdecf88000 	C:\WINDOWS\System32\NSI.dll
0x00007ffdc9280000 - 0x00007ffdc9292000 	C:\WINDOWS\System32\winrnr.dll
0x00007ffdd7aa0000 - 0x00007ffdd7aaa000 	C:\Windows\System32\rasadhlp.dll
0x00007ffdda530000 - 0x00007ffdda5b2000 	C:\WINDOWS\System32\fwpuclnt.dll
0x00007ffdeaf70000 - 0x00007ffdeaf97000 	C:\WINDOWS\System32\bcrypt.dll
0x00007ffdd6870000 - 0x00007ffdd6882000 	C:\Program Files\Java\jdk1.8.0_202\jre\bin\nio.dll

VM Arguments:
java_command: com.lgf.portafolio.PortafolioApplication
java_class_path (initial): C:\Users\Usuario\Documents\NetBeansProjects\lgf_portafolio\lgf_portafolio\target\classes;C:\Users\Usuario\.m2\repository\org\springframework\boot\spring-boot-starter-data-jdbc\2.7.3\spring-boot-starter-data-jdbc-2.7.3.jar;C:\Users\Usuario\.m2\repository\org\springframework\boot\spring-boot-starter-jdbc\2.7.3\spring-boot-starter-jdbc-2.7.3.jar;C:\Users\Usuario\.m2\repository\com\zaxxer\HikariCP\4.0.3\HikariCP-4.0.3.jar;C:\Users\Usuario\.m2\repository\org\springframework\spring-jdbc\5.3.22\spring-jdbc-5.3.22.jar;C:\Users\Usuario\.m2\repository\org\springframework\data\spring-data-jdbc\2.4.2\spring-data-jdbc-2.4.2.jar;C:\Users\Usuario\.m2\repository\org\springframework\data\spring-data-relational\2.4.2\spring-data-relational-2.4.2.jar;C:\Users\Usuario\.m2\repository\org\springframework\boot\spring-boot-starter-data-jpa\2.7.3\spring-boot-starter-data-jpa-2.7.3.jar;C:\Users\Usuario\.m2\repository\org\springframework\boot\spring-boot-starter-aop\2.7.3\spring-boot-starter-aop-2.7.3.jar;C:\Users\Usuario\.m2\repository\org\aspectj\aspectjweaver\1.9.7\aspectjweaver-1.9.7.jar;C:\Users\Usuario\.m2\repository\jakarta\transaction\jakarta.transaction-api\1.3.3\jakarta.transaction-api-1.3.3.jar;C:\Users\Usuario\.m2\repository\jakarta\persistence\jakarta.persistence-api\2.2.3\jakarta.persistence-api-2.2.3.jar;C:\Users\Usuario\.m2\repository\org\hibernate\hibernate-core\5.6.10.Final\hibernate-core-5.6.10.Final.jar;C:\Users\Usuario\.m2\repository\org\jboss\logging\jboss-logging\3.4.3.Final\jboss-logging-3.4.3.Final.jar;C:\Users\Usuario\.m2\repository\net\bytebuddy\byte-buddy\1.12.13\byte-buddy-1.12.13.jar;C:\Users\Usuario\.m2\repository\antlr\antlr\2.7.7\antlr-2.7.7.jar;C:\Users\Usuario\.m2\repository\org\jboss\jandex\2.4.2.Final\jandex-2.4.2.Final.jar;C:\Users\Usuario\.m2\repository\com\fasterxml\classmate\1.5.1\classmate-1.5.1.jar;C:\Users\Usuario\.m2\repository\org\hibernate\common\hibernate-commons-annotations\5.1.2.Final\hibernate-commons-annotations-
Launcher Type: SUN_STANDARD

Environment Variables:
JAVA_HOME=C:\Program Files\Java\jdk1.8.0_202
PATH=C:\Program Files (x86)\Common Files\Oracle\Java\javapath;C:\WINDOWS\system32;C:\WINDOWS;C:\WINDOWS\System32\Wbem;C:\WINDOWS\System32\WindowsPowerShell\v1.0\;C:\WINDOWS\System32\OpenSSH\;C:\Program Files\nodejs\;C:\Program Files\Git\cmd;C:\Program Files\Git\mingw64\bin;C:\Program Files\Git\usr\bin;C:\xampp\php;C:\Program Files\MySQL\MySQL Server 8.0\bin;C:\ProgramData\ComposerSetup\bin;;C:\Program Files\Docker\Docker\resources\bin;C:\Program Files\MySQL\MySQL Shell 8.0\bin\;C:\Users\Usuario\AppData\Local\Microsoft\WindowsApps;C:\Microsoft VS Code\bin;C:\Users\Usuario\AppData\Roaming\npm;C:\Users\Usuario\AppData\Roaming\Composer\vendor\bin;
USERNAME=Usuario
OS=Windows_NT
PROCESSOR_IDENTIFIER=Intel64 Family 6 Model 142 Stepping 12, GenuineIntel



---------------  S Y S T E M  ---------------

OS: Windows 10.0 , 64 bit Build 19041 (10.0.19041.3031)

CPU:total 2 (initial active 2) (2 cores per cpu, 1 threads per core) family 6 model 142 stepping 12, cmov, cx8, fxsr, mmx, sse, sse2, sse3, ssse3, sse4.1, sse4.2, popcnt, aes, clmul, erms, 3dnowpref, lzcnt, tsc, tscinvbit

Memory: 4k page, physical 3974644k(304680k free), swap 16033268k(5456k free)

vm_info: Java HotSpot(TM) 64-Bit Server VM (25.202-b08) for windows-amd64 JRE (1.8.0_202-b08), built on Dec 15 2018 19:54:30 by "java_re" with MS VC++ 10.0 (VS2010)

time: Wed Jun 28 11:12:01 2023
timezone: Hora estándar de Argentina
elapsed time: 6 seconds (0d 0h 0m 6s)

