#
# There is insufficient memory for the Java Runtime Environment to continue.
# Native memory allocation (malloc) failed to allocate 1095376 bytes for Chunk::new
# Possible reasons:
#   The system is out of physical RAM or swap space
#   The process is running with CompressedOops enabled, and the Java Heap may be blocking the growth of the native heap
# Possible solutions:
#   Reduce memory load on the system
#   Increase physical memory or swap space
#   Check if swap backing store is full
#   Decrease Java heap size (-Xmx/-Xms)
#   Decrease number of Java threads
#   Decrease Java thread stack sizes (-Xss)
#   Set larger code cache with -XX:ReservedCodeCacheSize=
#   JVM is running with Unscaled Compressed Oops mode in which the Java heap is
#     placed in the first 4GB address space. The Java Heap base address is the
#     maximum limit for the native heap growth. Please use -XX:HeapBaseMinAddress
#     to set the Java Heap base and to place the Java Heap above 4GB virtual address.
# This output file may be truncated or incomplete.
#
#  Out of Memory Error (allocation.cpp:389), pid=5212, tid=0x000000000000344c
#
# JRE version: Java(TM) SE Runtime Environment (8.0_202-b08) (build 1.8.0_202-b08)
# Java VM: Java HotSpot(TM) 64-Bit Server VM (25.202-b08 mixed mode windows-amd64 compressed oops)
# Failed to write core dump. Minidumps are not enabled by default on client versions of Windows
#

---------------  T H R E A D  ---------------

Current thread (0x0000000014ae1800):  JavaThread "C2 CompilerThread0" daemon [_thread_in_native, id=13388, stack(0x0000000015b30000,0x0000000015c30000)]

Stack: [0x0000000015b30000,0x0000000015c30000]
[error occurred during error reporting (printing stack bounds), id 0xc0000005]

Native frames: (J=compiled Java code, j=interpreted, Vv=VM code, C=native code)


Current CompileTask:
C2:   4852 1500       4       java.io.WinNTFileSystem::normalize (143 bytes)


---------------  P R O C E S S  ---------------

Java Threads: ( => current thread )
  0x0000000016f51000 JavaThread "background-preinit" [_thread_in_vm, id=15492, stack(0x00000000186b0000,0x00000000187b0000)]
  0x00000000164a4800 JavaThread "restartedMain" [_thread_in_vm, id=14896, stack(0x0000000017d70000,0x0000000017e70000)]
  0x0000000016ad6800 JavaThread "Thread-0" [_thread_blocked, id=9856, stack(0x0000000017c70000,0x0000000017d70000)]
  0x0000000014b44800 JavaThread "Service Thread" daemon [_thread_blocked, id=12476, stack(0x0000000015d30000,0x0000000015e30000)]
  0x0000000014b3c800 JavaThread "C1 CompilerThread1" daemon [_thread_in_native, id=2532, stack(0x0000000015c30000,0x0000000015d30000)]
=>0x0000000014ae1800 JavaThread "C2 CompilerThread0" daemon [_thread_in_native, id=13388, stack(0x0000000015b30000,0x0000000015c30000)]
  0x0000000014ae0800 JavaThread "Attach Listener" daemon [_thread_blocked, id=9380, stack(0x0000000015a30000,0x0000000015b30000)]
  0x0000000014add000 JavaThread "Signal Dispatcher" daemon [_thread_blocked, id=12656, stack(0x0000000015930000,0x0000000015a30000)]
  0x0000000002647800 JavaThread "Finalizer" daemon [_thread_blocked, id=10572, stack(0x0000000015710000,0x0000000015810000)]
  0x0000000014ac8000 JavaThread "Reference Handler" daemon [_thread_blocked, id=6540, stack(0x0000000015610000,0x0000000015710000)]
  0x0000000002557000 JavaThread "main" [_thread_blocked, id=1972, stack(0x0000000002450000,0x0000000002550000)]

Other Threads:
  0x0000000014aa6800 VMThread [stack: 0x0000000015510000,0x0000000015610000] [id=3224]
  0x0000000014b78800 WatcherThread [stack: 0x0000000015fa0000,0x00000000160a0000] [id=12208]

VM state:not at safepoint (normal execution)

VM Mutex/Monitor currently owned by a thread: None

heap address: 0x00000000c0000000, size: 1024 MB, Compressed Oops mode: 32-bit
Narrow klass base: 0x0000000000000000, Narrow klass shift: 3
Compressed class space size: 1073741824 Address: 0x0000000100000000

Heap:
 PSYoungGen      total 67072K, used 41997K [0x00000000eab00000, 0x00000000ef600000, 0x0000000100000000)
  eden space 61952K, 59% used [0x00000000eab00000,0x00000000ecf08048,0x00000000ee780000)
  from space 5120K, 99% used [0x00000000eee00000,0x00000000ef2fb548,0x00000000ef300000)
  to   space 6656K, 0% used [0x00000000ee780000,0x00000000ee780000,0x00000000eee00000)
 ParOldGen       total 42496K, used 4161K [0x00000000c0000000, 0x00000000c2980000, 0x00000000eab00000)
  object space 42496K, 9% used [0x00000000c0000000,0x00000000c0410498,0x00000000c2980000)
 Metaspace       used 19052K, capacity 19928K, committed 20096K, reserved 1067008K
  class space    used 2379K, capacity 2595K, committed 2688K, reserved 1048576K

Card table byte_map: [0x0000000011a10000,0x0000000011c20000] byte_map_base: 0x0000000011410000

Marking Bits: (ParMarkBitMap*) 0x000000006d4a5ce0
 Begin Bits: [0x0000000011f80000, 0x0000000012f80000)
 End Bits:   [0x0000000012f80000, 0x0000000013f80000)

Polling page: 0x0000000000a50000

CodeCache: size=245760Kb used=5257Kb max_used=5257Kb free=240502Kb
 bounds [0x0000000002650000, 0x0000000002b80000, 0x0000000011650000]
 total_blobs=1921 nmethods=1563 adapters=271
 compilation: enabled

Compilation events (10 events):
Event: 4.840 Thread 0x0000000014b3c800 1557       3       java.nio.Bits::byteOrder (20 bytes)
Event: 4.840 Thread 0x0000000014b3c800 nmethod 1557 0x0000000002b6b310 code [0x0000000002b6b460, 0x0000000002b6b5b0]
Event: 4.841 Thread 0x0000000014b3c800 1558       3       java.lang.Class::getConstructor0 (103 bytes)
Event: 4.843 Thread 0x0000000014b3c800 nmethod 1558 0x0000000002b6b610 code [0x0000000002b6b900, 0x0000000002b6cdf8]
Event: 4.843 Thread 0x0000000014b3c800 1559       3       org.springframework.core.annotation.AnnotationsScanner::getDeclaredAnnotations (166 bytes)
Event: 4.845 Thread 0x0000000014b3c800 nmethod 1559 0x0000000002b6d8d0 code [0x0000000002b6db80, 0x0000000002b6f198]
Event: 4.847 Thread 0x0000000014b3c800 1560       3       org.springframework.core.annotation.AnnotationsScanner::getDeclaredAnnotation (55 bytes)
Event: 4.848 Thread 0x0000000014b3c800 nmethod 1560 0x0000000002b6f8d0 code [0x0000000002b6fa60, 0x0000000002b6fdf8]
Event: 4.848 Thread 0x0000000014b3c800 1561       3       java.lang.reflect.Constructor::copy (72 bytes)
Event: 4.848 Thread 0x0000000014b3c800 nmethod 1561 0x0000000002b6ff90 code [0x0000000002b70120, 0x0000000002b70478]

GC Heap History (10 events):
Event: 1.973 GC heap before
{Heap before GC invocations=2 (full 0):
 PSYoungGen      total 18432K, used 18380K [0x00000000eab00000, 0x00000000ebf80000, 0x0000000100000000)
  eden space 15872K, 99% used [0x00000000eab00000,0x00000000eba7af48,0x00000000eba80000)
  from space 2560K, 98% used [0x00000000eba80000,0x00000000ebcf8370,0x00000000ebd00000)
  to   space 2560K, 0% used [0x00000000ebd00000,0x00000000ebd00000,0x00000000ebf80000)
 ParOldGen       total 42496K, used 361K [0x00000000c0000000, 0x00000000c2980000, 0x00000000eab00000)
  object space 42496K, 0% used [0x00000000c0000000,0x00000000c005a440,0x00000000c2980000)
 Metaspace       used 7686K, capacity 7916K, committed 8192K, reserved 1056768K
  class space    used 887K, capacity 962K, committed 1024K, reserved 1048576K
Event: 1.978 GC heap after
Heap after GC invocations=2 (full 0):
 PSYoungGen      total 18432K, used 2529K [0x00000000eab00000, 0x00000000ecf00000, 0x0000000100000000)
  eden space 15872K, 0% used [0x00000000eab00000,0x00000000eab00000,0x00000000eba80000)
  from space 2560K, 98% used [0x00000000ebd00000,0x00000000ebf784f8,0x00000000ebf80000)
  to   space 2560K, 0% used [0x00000000eba80000,0x00000000eba80000,0x00000000ebd00000)
 ParOldGen       total 42496K, used 586K [0x00000000c0000000, 0x00000000c2980000, 0x00000000eab00000)
  object space 42496K, 1% used [0x00000000c0000000,0x00000000c0092838,0x00000000c2980000)
 Metaspace       used 7686K, capacity 7916K, committed 8192K, reserved 1056768K
  class space    used 887K, capacity 962K, committed 1024K, reserved 1048576K
}
Event: 1.985 GC heap before
{Heap before GC invocations=3 (full 0):
 PSYoungGen      total 18432K, used 18364K [0x00000000eab00000, 0x00000000ecf00000, 0x0000000100000000)
  eden space 15872K, 99% used [0x00000000eab00000,0x00000000eba76bf0,0x00000000eba80000)
  from space 2560K, 98% used [0x00000000ebd00000,0x00000000ebf784f8,0x00000000ebf80000)
  to   space 2560K, 0% used [0x00000000eba80000,0x00000000eba80000,0x00000000ebd00000)
 ParOldGen       total 42496K, used 586K [0x00000000c0000000, 0x00000000c2980000, 0x00000000eab00000)
  object space 42496K, 1% used [0x00000000c0000000,0x00000000c0092838,0x00000000c2980000)
 Metaspace       used 7686K, capacity 7916K, committed 8192K, reserved 1056768K
  class space    used 887K, capacity 962K, committed 1024K, reserved 1048576K
Event: 1.988 GC heap after
Heap after GC invocations=3 (full 0):
 PSYoungGen      total 18432K, used 1973K [0x00000000eab00000, 0x00000000ecf00000, 0x0000000100000000)
  eden space 15872K, 0% used [0x00000000eab00000,0x00000000eab00000,0x00000000eba80000)
  from space 2560K, 77% used [0x00000000eba80000,0x00000000ebc6d788,0x00000000ebd00000)
  to   space 2560K, 0% used [0x00000000ecc80000,0x00000000ecc80000,0x00000000ecf00000)
 ParOldGen       total 42496K, used 586K [0x00000000c0000000, 0x00000000c2980000, 0x00000000eab00000)
  object space 42496K, 1% used [0x00000000c0000000,0x00000000c0092838,0x00000000c2980000)
 Metaspace       used 7686K, capacity 7916K, committed 8192K, reserved 1056768K
  class space    used 887K, capacity 962K, committed 1024K, reserved 1048576K
}
Event: 2.010 GC heap before
{Heap before GC invocations=4 (full 0):
 PSYoungGen      total 18432K, used 17845K [0x00000000eab00000, 0x00000000ecf00000, 0x0000000100000000)
  eden space 15872K, 100% used [0x00000000eab00000,0x00000000eba80000,0x00000000eba80000)
  from space 2560K, 77% used [0x00000000eba80000,0x00000000ebc6d788,0x00000000ebd00000)
  to   space 2560K, 0% used [0x00000000ecc80000,0x00000000ecc80000,0x00000000ecf00000)
 ParOldGen       total 42496K, used 586K [0x00000000c0000000, 0x00000000c2980000, 0x00000000eab00000)
  object space 42496K, 1% used [0x00000000c0000000,0x00000000c0092838,0x00000000c2980000)
 Metaspace       used 7688K, capacity 7916K, committed 8192K, reserved 1056768K
  class space    used 887K, capacity 962K, committed 1024K, reserved 1048576K
Event: 2.015 GC heap after
Heap after GC invocations=4 (full 0):
 PSYoungGen      total 34304K, used 2471K [0x00000000eab00000, 0x00000000ecf00000, 0x0000000100000000)
  eden space 31744K, 0% used [0x00000000eab00000,0x00000000eab00000,0x00000000eca00000)
  from space 2560K, 96% used [0x00000000ecc80000,0x00000000ecee9ce8,0x00000000ecf00000)
  to   space 2560K, 0% used [0x00000000eca00000,0x00000000eca00000,0x00000000ecc80000)
 ParOldGen       total 42496K, used 586K [0x00000000c0000000, 0x00000000c2980000, 0x00000000eab00000)
  object space 42496K, 1% used [0x00000000c0000000,0x00000000c0092838,0x00000000c2980000)
 Metaspace       used 7688K, capacity 7916K, committed 8192K, reserved 1056768K
  class space    used 887K, capacity 962K, committed 1024K, reserved 1048576K
}
Event: 3.060 GC heap before
{Heap before GC invocations=5 (full 0):
 PSYoungGen      total 34304K, used 34215K [0x00000000eab00000, 0x00000000ecf00000, 0x0000000100000000)
  eden space 31744K, 100% used [0x00000000eab00000,0x00000000eca00000,0x00000000eca00000)
  from space 2560K, 96% used [0x00000000ecc80000,0x00000000ecee9ce8,0x00000000ecf00000)
  to   space 2560K, 0% used [0x00000000eca00000,0x00000000eca00000,0x00000000ecc80000)
 ParOldGen       total 42496K, used 586K [0x00000000c0000000, 0x00000000c2980000, 0x00000000eab00000)
  object space 42496K, 1% used [0x00000000c0000000,0x00000000c0092838,0x00000000c2980000)
 Metaspace       used 11228K, capacity 11756K, committed 12032K, reserved 1060864K
  class space    used 1367K, capacity 1489K, committed 1536K, reserved 1048576K
Event: 3.076 GC heap after
Heap after GC invocations=5 (full 0):
 PSYoungGen      total 34304K, used 2553K [0x00000000eab00000, 0x00000000ef300000, 0x0000000100000000)
  eden space 31744K, 0% used [0x00000000eab00000,0x00000000eab00000,0x00000000eca00000)
  from space 2560K, 99% used [0x00000000eca00000,0x00000000ecc7e7a0,0x00000000ecc80000)
  to   space 5120K, 0% used [0x00000000eee00000,0x00000000eee00000,0x00000000ef300000)
 ParOldGen       total 42496K, used 3129K [0x00000000c0000000, 0x00000000c2980000, 0x00000000eab00000)
  object space 42496K, 7% used [0x00000000c0000000,0x00000000c030e698,0x00000000c2980000)
 Metaspace       used 11228K, capacity 11756K, committed 12032K, reserved 1060864K
  class space    used 1367K, capacity 1489K, committed 1536K, reserved 1048576K
}
Event: 3.785 GC heap before
{Heap before GC invocations=6 (full 0):
 PSYoungGen      total 34304K, used 34297K [0x00000000eab00000, 0x00000000ef300000, 0x0000000100000000)
  eden space 31744K, 100% used [0x00000000eab00000,0x00000000eca00000,0x00000000eca00000)
  from space 2560K, 99% used [0x00000000eca00000,0x00000000ecc7e7a0,0x00000000ecc80000)
  to   space 5120K, 0% used [0x00000000eee00000,0x00000000eee00000,0x00000000ef300000)
 ParOldGen       total 42496K, used 3129K [0x00000000c0000000, 0x00000000c2980000, 0x00000000eab00000)
  object space 42496K, 7% used [0x00000000c0000000,0x00000000c030e698,0x00000000c2980000)
 Metaspace       used 15041K, capacity 15732K, committed 15872K, reserved 1062912K
  class space    used 1851K, capacity 2017K, committed 2048K, reserved 1048576K
Event: 3.797 GC heap after
Heap after GC invocations=6 (full 0):
 PSYoungGen      total 67072K, used 5101K [0x00000000eab00000, 0x00000000ef600000, 0x0000000100000000)
  eden space 61952K, 0% used [0x00000000eab00000,0x00000000eab00000,0x00000000ee780000)
  from space 5120K, 99% used [0x00000000eee00000,0x00000000ef2fb548,0x00000000ef300000)
  to   space 6656K, 0% used [0x00000000ee780000,0x00000000ee780000,0x00000000eee00000)
 ParOldGen       total 42496K, used 4161K [0x00000000c0000000, 0x00000000c2980000, 0x00000000eab00000)
  object space 42496K, 9% used [0x00000000c0000000,0x00000000c0410498,0x00000000c2980000)
 Metaspace       used 15041K, capacity 15732K, committed 15872K, reserved 1062912K
  class space    used 1851K, capacity 2017K, committed 2048K, reserved 1048576K
}

Deoptimization events (10 events):
Event: 2.167 Thread 0x00000000164a4800 Uncommon trap: reason=unstable_if action=reinterpret pc=0x00000000027cbb74 method=java.lang.String.indexOf([CII[CIII)I @ 3
Event: 3.004 Thread 0x00000000164a4800 Uncommon trap: reason=unstable_if action=reinterpret pc=0x000000000290bafc method=java.io.WinNTFileSystem.normalize(Ljava/lang/String;II)Ljava/lang/String; @ 8
Event: 3.089 Thread 0x00000000164a4800 Uncommon trap: reason=unstable_if action=reinterpret pc=0x000000000291d410 method=java.util.HashMap.getNode(ILjava/lang/Object;)Ljava/util/HashMap$Node; @ 129
Event: 3.089 Thread 0x00000000164a4800 Uncommon trap: reason=class_check action=maybe_recompile pc=0x00000000029c24f4 method=java.util.HashMap.putVal(ILjava/lang/Object;Ljava/lang/Object;ZZ)Ljava/lang/Object; @ 203
Event: 3.769 Thread 0x00000000164a4800 Uncommon trap: reason=class_check action=maybe_recompile pc=0x00000000029c24f4 method=java.util.HashMap.putVal(ILjava/lang/Object;Ljava/lang/Object;ZZ)Ljava/lang/Object; @ 203
Event: 3.770 Thread 0x00000000164a4800 Uncommon trap: reason=class_check action=maybe_recompile pc=0x00000000029c24f4 method=java.util.HashMap.putVal(ILjava/lang/Object;Ljava/lang/Object;ZZ)Ljava/lang/Object; @ 203
Event: 3.770 Thread 0x00000000164a4800 Uncommon trap: reason=class_check action=maybe_recompile pc=0x00000000029c24f4 method=java.util.HashMap.putVal(ILjava/lang/Object;Ljava/lang/Object;ZZ)Ljava/lang/Object; @ 203
Event: 3.824 Thread 0x00000000164a4800 Uncommon trap: reason=unstable_if action=reinterpret pc=0x00000000029201a8 method=java.util.HashMap.hash(Ljava/lang/Object;)I @ 1
Event: 4.013 Thread 0x00000000164a4800 Uncommon trap: reason=unstable_if action=reinterpret pc=0x0000000002ae71d8 method=java.util.concurrent.ConcurrentHashMap.putVal(Ljava/lang/Object;Ljava/lang/Object;Z)Ljava/lang/Object; @ 206
Event: 4.771 Thread 0x0000000016f51000 Uncommon trap: reason=unstable_if action=reinterpret pc=0x00000000029f2368 method=jdk.internal.org.objectweb.asm.Type.getArgumentsAndReturnSizes(Ljava/lang/String;)I @ 47

Classes redefined (0 events):
No events

Internal exceptions (10 events):
Event: 4.132 Thread 0x00000000164a4800 Exception <a 'java/lang/ClassNotFoundException': org/springframework/core/OrderedCustomizer> (0x00000000ebdcbbe0) thrown at [C:\re\workspace\8-2-build-windows-amd64-cygwin\jdk8u202\12323\hotspot\src\share\vm\classfile\systemDictionary.cpp, line 210]
Event: 4.133 Thread 0x00000000164a4800 Exception <a 'java/lang/ClassNotFoundException': org/springframework/context/ResourceLoaderAwareCustomizer> (0x00000000ebde7198) thrown at [C:\re\workspace\8-2-build-windows-amd64-cygwin\jdk8u202\12323\hotspot\src\share\vm\classfile\systemDictionary.cpp, 
Event: 4.134 Thread 0x00000000164a4800 Exception <a 'java/lang/ClassNotFoundException': org/springframework/beans/factory/AwareCustomizer> (0x00000000ebe003b8) thrown at [C:\re\workspace\8-2-build-windows-amd64-cygwin\jdk8u202\12323\hotspot\src\share\vm\classfile\systemDictionary.cpp, line 210
Event: 4.135 Thread 0x00000000164a4800 Exception <a 'java/lang/ClassNotFoundException': org/springframework/context/ApplicationStartupAwareCustomizer> (0x00000000ebe1c668) thrown at [C:\re\workspace\8-2-build-windows-amd64-cygwin\jdk8u202\12323\hotspot\src\share\vm\classfile\systemDictionary.c
Event: 4.137 Thread 0x00000000164a4800 Exception <a 'java/lang/ClassNotFoundException': org/springframework/beans/factory/AwareCustomizer> (0x00000000ebe35d10) thrown at [C:\re\workspace\8-2-build-windows-amd64-cygwin\jdk8u202\12323\hotspot\src\share\vm\classfile\systemDictionary.cpp, line 210
Event: 4.137 Thread 0x00000000164a4800 Exception <a 'java/lang/ClassNotFoundException': org/springframework/beans/factory/BeanClassLoaderAwareCustomizer> (0x00000000ebe52cd0) thrown at [C:\re\workspace\8-2-build-windows-amd64-cygwin\jdk8u202\12323\hotspot\src\share\vm\classfile\systemDictionar
Event: 4.138 Thread 0x00000000164a4800 Exception <a 'java/lang/ClassNotFoundException': org/springframework/beans/factory/AwareCustomizer> (0x00000000ebe6bf08) thrown at [C:\re\workspace\8-2-build-windows-amd64-cygwin\jdk8u202\12323\hotspot\src\share\vm\classfile\systemDictionary.cpp, line 210
Event: 4.139 Thread 0x00000000164a4800 Exception <a 'java/lang/ClassNotFoundException': org/springframework/context/EnvironmentAwareCustomizer> (0x00000000ebe859c8) thrown at [C:\re\workspace\8-2-build-windows-amd64-cygwin\jdk8u202\12323\hotspot\src\share\vm\classfile\systemDictionary.cpp, lin
Event: 4.140 Thread 0x00000000164a4800 Exception <a 'java/lang/ClassNotFoundException': org/springframework/beans/factory/AwareCustomizer> (0x00000000ebe9eae0) thrown at [C:\re\workspace\8-2-build-windows-amd64-cygwin\jdk8u202\12323\hotspot\src\share\vm\classfile\systemDictionary.cpp, line 210
Event: 4.779 Thread 0x0000000016f51000 Exception <a 'java/lang/IncompatibleClassChangeError': Found class java.lang.Object, but interface was expected> (0x00000000ecbe8d28) thrown at [C:\re\workspace\8-2-build-windows-amd64-cygwin\jdk8u202\12323\hotspot\src\share\vm\interpreter\linkResolver.cp

Events (10 events):
Event: 4.823 loading class org/springframework/web/bind/annotation/PostMapping
Event: 4.823 loading class org/springframework/web/bind/annotation/PostMapping done
Event: 4.825 loading class org/springframework/web/bind/annotation/RequestMapping
Event: 4.825 loading class org/springframework/web/bind/annotation/RequestMapping done
Event: 4.828 loading class org/springframework/web/bind/annotation/Mapping
Event: 4.828 loading class org/springframework/web/bind/annotation/Mapping done
Event: 4.839 loading class org/springframework/web/bind/annotation/GetMapping
Event: 4.839 loading class org/springframework/web/bind/annotation/GetMapping done
Event: 4.846 loading class org/springframework/web/bind/annotation/DeleteMapping
Event: 4.846 loading class org/springframework/web/bind/annotation/DeleteMapping done


Dynamic libraries:
0x00007ff7566c0000 - 0x00007ff7566f7000 	C:\Program Files\Java\jdk1.8.0_202\bin\java.exe
0x00007ffded670000 - 0x00007ffded868000 	C:\WINDOWS\SYSTEM32\ntdll.dll
0x00007ffdec5c0000 - 0x00007ffdec67f000 	C:\WINDOWS\System32\KERNEL32.DLL
0x00007ffdeb360000 - 0x00007ffdeb656000 	C:\WINDOWS\System32\KERNELBASE.dll
0x00007ffdec680000 - 0x00007ffdec72f000 	C:\WINDOWS\System32\ADVAPI32.dll
0x00007ffdecd80000 - 0x00007ffdece1e000 	C:\WINDOWS\System32\msvcrt.dll
0x00007ffdec790000 - 0x00007ffdec82c000 	C:\WINDOWS\System32\sechost.dll
0x00007ffded480000 - 0x00007ffded5a6000 	C:\WINDOWS\System32\RPCRT4.dll
0x00007ffdebfc0000 - 0x00007ffdec15d000 	C:\WINDOWS\System32\USER32.dll
0x00007ffdeaf40000 - 0x00007ffdeaf62000 	C:\WINDOWS\System32\win32u.dll
0x00007ffded220000 - 0x00007ffded24c000 	C:\WINDOWS\System32\GDI32.dll
0x00007ffdeb0f0000 - 0x00007ffdeb205000 	C:\WINDOWS\System32\gdi32full.dll
0x00007ffdeafa0000 - 0x00007ffdeb03d000 	C:\WINDOWS\System32\msvcp_win.dll
0x00007ffdeae40000 - 0x00007ffdeaf40000 	C:\WINDOWS\System32\ucrtbase.dll
0x00007ffdda0f0000 - 0x00007ffdda38a000 	C:\WINDOWS\WinSxS\amd64_microsoft.windows.common-controls_6595b64144ccf1df_6.0.19041.1110_none_60b5254171f9507e\COMCTL32.dll
0x00007ffdec590000 - 0x00007ffdec5c0000 	C:\WINDOWS\System32\IMM32.DLL
0x000000006cba0000 - 0x000000006cc72000 	C:\Program Files\Java\jdk1.8.0_202\jre\bin\msvcr100.dll
0x000000006cc80000 - 0x000000006d525000 	C:\Program Files\Java\jdk1.8.0_202\jre\bin\server\jvm.dll
0x00007ffded620000 - 0x00007ffded628000 	C:\WINDOWS\System32\PSAPI.DLL
0x00007ffde4010000 - 0x00007ffde4019000 	C:\WINDOWS\SYSTEM32\WSOCK32.dll
0x00007ffdc6fb0000 - 0x00007ffdc6fd7000 	C:\WINDOWS\SYSTEM32\WINMM.dll
0x00007ffded5b0000 - 0x00007ffded61b000 	C:\WINDOWS\System32\WS2_32.dll
0x00007ffde2b80000 - 0x00007ffde2b8a000 	C:\WINDOWS\SYSTEM32\VERSION.dll
0x00007ffde68d0000 - 0x00007ffde68df000 	C:\Program Files\Java\jdk1.8.0_202\jre\bin\verify.dll
0x00007ffdce450000 - 0x00007ffdce479000 	C:\Program Files\Java\jdk1.8.0_202\jre\bin\java.dll
0x00007ffdd7df0000 - 0x00007ffdd7e06000 	C:\Program Files\Java\jdk1.8.0_202\jre\bin\zip.dll
0x00007ffdeb870000 - 0x00007ffdebfb4000 	C:\WINDOWS\System32\SHELL32.dll
0x00007ffde8eb0000 - 0x00007ffde9643000 	C:\WINDOWS\SYSTEM32\windows.storage.dll
0x00007ffdec230000 - 0x00007ffdec584000 	C:\WINDOWS\System32\combase.dll
0x00007ffdea6d0000 - 0x00007ffdea6fe000 	C:\WINDOWS\SYSTEM32\Wldp.dll
0x00007ffded3d0000 - 0x00007ffded47d000 	C:\WINDOWS\System32\SHCORE.dll
0x00007ffdecd20000 - 0x00007ffdecd75000 	C:\WINDOWS\System32\shlwapi.dll
0x00007ffdead80000 - 0x00007ffdead9f000 	C:\WINDOWS\SYSTEM32\profapi.dll
0x00007ffde6840000 - 0x00007ffde684d000 	C:\Program Files\Java\jdk1.8.0_202\jre\bin\management.dll
0x00007ffdd7980000 - 0x00007ffdd799a000 	C:\Program Files\Java\jdk1.8.0_202\jre\bin\net.dll
0x00007ffddb8d0000 - 0x00007ffddbabc000 	C:\WINDOWS\SYSTEM32\urlmon.dll
0x00007ffddbc80000 - 0x00007ffddbf31000 	C:\WINDOWS\SYSTEM32\iertutil.dll
0x00007ffdea2d0000 - 0x00007ffdea2dc000 	C:\WINDOWS\SYSTEM32\netutils.dll
0x00007ffddb8a0000 - 0x00007ffddb8c8000 	C:\WINDOWS\SYSTEM32\srvcli.dll
0x00007ffdea4b0000 - 0x00007ffdea51a000 	C:\WINDOWS\system32\mswsock.dll
0x00007ffdd30a0000 - 0x00007ffdd30b7000 	C:\WINDOWS\system32\napinsp.dll
0x00007ffdd3080000 - 0x00007ffdd309b000 	C:\WINDOWS\system32\pnrpnsp.dll
0x00007ffdc93e0000 - 0x00007ffdc93f5000 	C:\WINDOWS\system32\wshbth.dll
0x00007ffde6780000 - 0x00007ffde679d000 	C:\WINDOWS\system32\NLAapi.dll
0x00007ffdea1c0000 - 0x00007ffdea1fc000 	C:\WINDOWS\SYSTEM32\IPHLPAPI.DLL
0x00007ffdea200000 - 0x00007ffdea2ca000 	C:\WINDOWS\SYSTEM32\DNSAPI.dll
0x00007ffdecf80000 - 0x00007ffdecf88000 	C:\WINDOWS\System32\NSI.dll
0x00007ffdc9280000 - 0x00007ffdc9292000 	C:\WINDOWS\System32\winrnr.dll
0x00007ffdd7aa0000 - 0x00007ffdd7aaa000 	C:\Windows\System32\rasadhlp.dll
0x00007ffdda530000 - 0x00007ffdda5b2000 	C:\WINDOWS\System32\fwpuclnt.dll
0x00007ffdeaf70000 - 0x00007ffdeaf97000 	C:\WINDOWS\System32\bcrypt.dll
0x00007ffdd6870000 - 0x00007ffdd6882000 	C:\Program Files\Java\jdk1.8.0_202\jre\bin\nio.dll

VM Arguments:
jvm_args: -Xmx1024m 
java_command: com.lgf.portafolio.PortafolioApplication
java_class_path (initial): C:\Users\Usuario\Documents\NetBeansProjects\lgf_portafolio\lgf_portafolio\target\classes;C:\Users\Usuario\.m2\repository\org\springframework\boot\spring-boot-starter-data-jdbc\2.7.3\spring-boot-starter-data-jdbc-2.7.3.jar;C:\Users\Usuario\.m2\repository\org\springframework\boot\spring-boot-starter-jdbc\2.7.3\spring-boot-starter-jdbc-2.7.3.jar;C:\Users\Usuario\.m2\repository\com\zaxxer\HikariCP\4.0.3\HikariCP-4.0.3.jar;C:\Users\Usuario\.m2\repository\org\springframework\spring-jdbc\5.3.22\spring-jdbc-5.3.22.jar;C:\Users\Usuario\.m2\repository\org\springframework\data\spring-data-jdbc\2.4.2\spring-data-jdbc-2.4.2.jar;C:\Users\Usuario\.m2\repository\org\springframework\data\spring-data-relational\2.4.2\spring-data-relational-2.4.2.jar;C:\Users\Usuario\.m2\repository\org\springframework\boot\spring-boot-starter-data-jpa\2.7.3\spring-boot-starter-data-jpa-2.7.3.jar;C:\Users\Usuario\.m2\repository\org\springframework\boot\spring-boot-starter-aop\2.7.3\spring-boot-starter-aop-2.7.3.jar;C:\Users\Usuario\.m2\repository\org\aspectj\aspectjweaver\1.9.7\aspectjweaver-1.9.7.jar;C:\Users\Usuario\.m2\repository\jakarta\transaction\jakarta.transaction-api\1.3.3\jakarta.transaction-api-1.3.3.jar;C:\Users\Usuario\.m2\repository\jakarta\persistence\jakarta.persistence-api\2.2.3\jakarta.persistence-api-2.2.3.jar;C:\Users\Usuario\.m2\repository\org\hibernate\hibernate-core\5.6.10.Final\hibernate-core-5.6.10.Final.jar;C:\Users\Usuario\.m2\repository\org\jboss\logging\jboss-logging\3.4.3.Final\jboss-logging-3.4.3.Final.jar;C:\Users\Usuario\.m2\repository\net\bytebuddy\byte-buddy\1.12.13\byte-buddy-1.12.13.jar;C:\Users\Usuario\.m2\repository\antlr\antlr\2.7.7\antlr-2.7.7.jar;C:\Users\Usuario\.m2\repository\org\jboss\jandex\2.4.2.Final\jandex-2.4.2.Final.jar;C:\Users\Usuario\.m2\repository\com\fasterxml\classmate\1.5.1\classmate-1.5.1.jar;C:\Users\Usuario\.m2\repository\org\hibernate\common\hibernate-commons-annotations\5.1.2.Final\hibernate-commons-annotations-
Launcher Type: SUN_STANDARD

Environment Variables:
JAVA_HOME=C:\Program Files\Java\jdk1.8.0_202
PATH=C:\Program Files (x86)\Common Files\Oracle\Java\javapath;C:\WINDOWS\system32;C:\WINDOWS;C:\WINDOWS\System32\Wbem;C:\WINDOWS\System32\WindowsPowerShell\v1.0\;C:\WINDOWS\System32\OpenSSH\;C:\Program Files\nodejs\;C:\Program Files\Git\cmd;C:\Program Files\Git\mingw64\bin;C:\Program Files\Git\usr\bin;C:\xampp\php;C:\Program Files\MySQL\MySQL Server 8.0\bin;C:\ProgramData\ComposerSetup\bin;;C:\Program Files\Docker\Docker\resources\bin;C:\Program Files\MySQL\MySQL Shell 8.0\bin\;C:\Users\Usuario\AppData\Local\Microsoft\WindowsApps;C:\Microsoft VS Code\bin;C:\Users\Usuario\AppData\Roaming\npm;C:\Users\Usuario\AppData\Roaming\Composer\vendor\bin;
USERNAME=Usuario
OS=Windows_NT
PROCESSOR_IDENTIFIER=Intel64 Family 6 Model 142 Stepping 12, GenuineIntel



---------------  S Y S T E M  ---------------

OS: Windows 10.0 , 64 bit Build 19041 (10.0.19041.3031)

CPU:total 2 (initial active 2) (2 cores per cpu, 1 threads per core) family 6 model 142 stepping 12, cmov, cx8, fxsr, mmx, sse, sse2, sse3, ssse3, sse4.1, sse4.2, popcnt, aes, clmul, erms, 3dnowpref, lzcnt, tsc, tscinvbit

Memory: 4k page, physical 3974644k(322332k free), swap 16033268k(4188k free)

vm_info: Java HotSpot(TM) 64-Bit Server VM (25.202-b08) for windows-amd64 JRE (1.8.0_202-b08), built on Dec 15 2018 19:54:30 by "java_re" with MS VC++ 10.0 (VS2010)

time: Wed Jun 28 11:06:25 2023
timezone: Hora estándar de Argentina
elapsed time: 4 seconds (0d 0h 0m 4s)

