#
# There is insufficient memory for the Java Runtime Environment to continue.
# Native memory allocation (malloc) failed to allocate 32744 bytes for ChunkPool::allocate
# Possible reasons:
#   The system is out of physical RAM or swap space
#   The process is running with CompressedOops enabled, and the Java Heap may be blocking the growth of the native heap
# Possible solutions:
#   Reduce memory load on the system
#   Increase physical memory or swap space
#   Check if swap backing store is full
#   Decrease Java heap size (-Xmx/-Xms)
#   Decrease number of Java threads
#   Decrease Java thread stack sizes (-Xss)
#   Set larger code cache with -XX:ReservedCodeCacheSize=
#   JVM is running with Unscaled Compressed Oops mode in which the Java heap is
#     placed in the first 4GB address space. The Java Heap base address is the
#     maximum limit for the native heap growth. Please use -XX:HeapBaseMinAddress
#     to set the Java Heap base and to place the Java Heap above 4GB virtual address.
# This output file may be truncated or incomplete.
#
#  Out of Memory Error (allocation.cpp:272), pid=6888, tid=0x0000000000001e6c
#
# JRE version: Java(TM) SE Runtime Environment (8.0_202-b08) (build 1.8.0_202-b08)
# Java VM: Java HotSpot(TM) 64-Bit Server VM (25.202-b08 mixed mode windows-amd64 compressed oops)
# Failed to write core dump. Minidumps are not enabled by default on client versions of Windows
#

---------------  T H R E A D  ---------------

Current thread (0x0000000015582800):  JavaThread "C2 CompilerThread0" daemon [_thread_in_native, id=7788, stack(0x00000000165e0000,0x00000000166e0000)]

Stack: [0x00000000165e0000,0x00000000166e0000]
[error occurred during error reporting (printing stack bounds), id 0xc0000005]

Native frames: (J=compiled Java code, j=interpreted, Vv=VM code, C=native code)


Current CompileTask:
C2:   8090 2606       4       java.net.URLClassLoader$1::run (5 bytes)


---------------  P R O C E S S  ---------------

Java Threads: ( => current thread )
  0x0000000016c78800 JavaThread "restartedMain" [_thread_in_Java, id=7244, stack(0x0000000018820000,0x0000000018920000)]
  0x0000000017568800 JavaThread "Thread-0" [_thread_blocked, id=5932, stack(0x0000000018720000,0x0000000018820000)]
  0x00000000155e4000 JavaThread "Service Thread" daemon [_thread_blocked, id=15920, stack(0x00000000167e0000,0x00000000168e0000)]
  0x00000000155dd000 JavaThread "C1 CompilerThread1" daemon [_thread_blocked, id=9652, stack(0x00000000166e0000,0x00000000167e0000)]
=>0x0000000015582800 JavaThread "C2 CompilerThread0" daemon [_thread_in_native, id=7788, stack(0x00000000165e0000,0x00000000166e0000)]
  0x0000000015581000 JavaThread "Attach Listener" daemon [_thread_blocked, id=6152, stack(0x00000000164e0000,0x00000000165e0000)]
  0x000000001557e000 JavaThread "Signal Dispatcher" daemon [_thread_blocked, id=10288, stack(0x00000000163e0000,0x00000000164e0000)]
  0x0000000015569000 JavaThread "Finalizer" daemon [_thread_blocked, id=16160, stack(0x00000000161c0000,0x00000000162c0000)]
  0x0000000015568000 JavaThread "Reference Handler" daemon [_thread_blocked, id=16244, stack(0x00000000160c0000,0x00000000161c0000)]
  0x00000000031d7000 JavaThread "main" [_thread_blocked, id=11852, stack(0x00000000030d0000,0x00000000031d0000)]

Other Threads:
  0x0000000015546800 VMThread [stack: 0x0000000015fc0000,0x00000000160c0000] [id=8648]
  0x0000000015618000 WatcherThread [stack: 0x0000000016a50000,0x0000000016b50000] [id=5788]

VM state:not at safepoint (normal execution)

VM Mutex/Monitor currently owned by a thread: None

heap address: 0x00000000c3400000, size: 972 MB, Compressed Oops mode: 32-bit
Narrow klass base: 0x0000000000000000, Narrow klass shift: 3
Compressed class space size: 1073741824 Address: 0x0000000100000000

Heap:
 PSYoungGen      total 66048K, used 34310K [0x00000000ebc00000, 0x00000000eff00000, 0x0000000100000000)
  eden space 63488K, 50% used [0x00000000ebc00000,0x00000000edb03250,0x00000000efa00000)
  from space 2560K, 99% used [0x00000000efc80000,0x00000000efefe668,0x00000000eff00000)
  to   space 2560K, 0% used [0x00000000efa00000,0x00000000efa00000,0x00000000efc80000)
 ParOldGen       total 37376K, used 15749K [0x00000000c3400000, 0x00000000c5880000, 0x00000000ebc00000)
  object space 37376K, 42% used [0x00000000c3400000,0x00000000c43615b0,0x00000000c5880000)
 Metaspace       used 25044K, capacity 26516K, committed 26624K, reserved 1073152K
  class space    used 3188K, capacity 3502K, committed 3584K, reserved 1048576K

Card table byte_map: [0x0000000012690000,0x0000000012880000] byte_map_base: 0x0000000012076000

Marking Bits: (ParMarkBitMap*) 0x000000006d4a5ce0
 Begin Bits: [0x0000000012bd0000, 0x0000000013b00000)
 End Bits:   [0x0000000013b00000, 0x0000000014a30000)

Polling page: 0x0000000001880000

CodeCache: size=245760Kb used=9048Kb max_used=9096Kb free=236711Kb
 bounds [0x00000000032d0000, 0x0000000003bc0000, 0x00000000122d0000]
 total_blobs=2988 nmethods=2620 adapters=280
 compilation: enabled

Compilation events (10 events):
Event: 7.953 Thread 0x00000000155dd000 nmethod 2660 0x0000000003bb5310 code [0x0000000003bb5480, 0x0000000003bb56e8]
Event: 7.959 Thread 0x00000000155dd000 2661       3       org.springframework.core.type.classreading.SimpleAnnotationMetadata::getAnnotatedMethods (78 bytes)
Event: 7.960 Thread 0x00000000155dd000 nmethod 2661 0x0000000003bb5790 code [0x0000000003bb59a0, 0x0000000003bb6248]
Event: 7.961 Thread 0x00000000155dd000 2662       3       org.springframework.beans.factory.support.AbstractBeanDefinition::resolveBeanClass (24 bytes)
Event: 7.961 Thread 0x00000000155dd000 nmethod 2662 0x0000000003bb6790 code [0x0000000003bb6940, 0x0000000003bb7098]
Event: 7.961 Thread 0x00000000155dd000 2663       1       org.springframework.context.annotation.ConfigurationClassBeanDefinitionReader$ConfigurationClassBeanDefinition::getFactoryMethodMetadata (5 bytes)
Event: 7.961 Thread 0x00000000155dd000 nmethod 2663 0x0000000003bb7290 code [0x0000000003bb73e0, 0x0000000003bb74f0]
Event: 8.078 Thread 0x00000000155dd000 2664       3       org.springframework.asm.ByteVector::putByte (39 bytes)
Event: 8.078 Thread 0x00000000155dd000 nmethod 2664 0x0000000003bb7550 code [0x0000000003bb76c0, 0x0000000003bb78e8]
Event: 8.079 Thread 0x00000000155dd000 2665       3       org.springframework.asm.Frame::execute (2305 bytes)

GC Heap History (10 events):
Event: 4.239 GC heap before
{Heap before GC invocations=5 (full 0):
 PSYoungGen      total 66048K, used 66036K [0x00000000ebc00000, 0x00000000eff00000, 0x0000000100000000)
  eden space 63488K, 100% used [0x00000000ebc00000,0x00000000efa00000,0x00000000efa00000)
  from space 2560K, 99% used [0x00000000efc80000,0x00000000efefd168,0x00000000eff00000)
  to   space 2560K, 0% used [0x00000000efa00000,0x00000000efa00000,0x00000000efc80000)
 ParOldGen       total 42496K, used 3071K [0x00000000c3400000, 0x00000000c5d80000, 0x00000000ebc00000)
  object space 42496K, 7% used [0x00000000c3400000,0x00000000c36fffd0,0x00000000c5d80000)
 Metaspace       used 18608K, capacity 19440K, committed 19712K, reserved 1067008K
  class space    used 2309K, capacity 2499K, committed 2560K, reserved 1048576K
Event: 4.264 GC heap after
Heap after GC invocations=5 (full 0):
 PSYoungGen      total 66048K, used 2553K [0x00000000ebc00000, 0x00000000eff00000, 0x0000000100000000)
  eden space 63488K, 0% used [0x00000000ebc00000,0x00000000ebc00000,0x00000000efa00000)
  from space 2560K, 99% used [0x00000000efa00000,0x00000000efc7e7a0,0x00000000efc80000)
  to   space 2560K, 0% used [0x00000000efc80000,0x00000000efc80000,0x00000000eff00000)
 ParOldGen       total 42496K, used 10262K [0x00000000c3400000, 0x00000000c5d80000, 0x00000000ebc00000)
  object space 42496K, 24% used [0x00000000c3400000,0x00000000c3e05a98,0x00000000c5d80000)
 Metaspace       used 18608K, capacity 19440K, committed 19712K, reserved 1067008K
  class space    used 2309K, capacity 2499K, committed 2560K, reserved 1048576K
}
Event: 4.978 GC heap before
{Heap before GC invocations=6 (full 0):
 PSYoungGen      total 66048K, used 66041K [0x00000000ebc00000, 0x00000000eff00000, 0x0000000100000000)
  eden space 63488K, 100% used [0x00000000ebc00000,0x00000000efa00000,0x00000000efa00000)
  from space 2560K, 99% used [0x00000000efa00000,0x00000000efc7e7a0,0x00000000efc80000)
  to   space 2560K, 0% used [0x00000000efc80000,0x00000000efc80000,0x00000000eff00000)
 ParOldGen       total 42496K, used 10262K [0x00000000c3400000, 0x00000000c5d80000, 0x00000000ebc00000)
  object space 42496K, 24% used [0x00000000c3400000,0x00000000c3e05a98,0x00000000c5d80000)
 Metaspace       used 20128K, capacity 21000K, committed 21248K, reserved 1067008K
  class space    used 2498K, capacity 2705K, committed 2816K, reserved 1048576K
Event: 4.996 GC heap after
Heap after GC invocations=6 (full 0):
 PSYoungGen      total 66048K, used 2532K [0x00000000ebc00000, 0x00000000eff00000, 0x0000000100000000)
  eden space 63488K, 0% used [0x00000000ebc00000,0x00000000ebc00000,0x00000000efa00000)
  from space 2560K, 98% used [0x00000000efc80000,0x00000000efef9178,0x00000000eff00000)
  to   space 2560K, 0% used [0x00000000efa00000,0x00000000efa00000,0x00000000efc80000)
 ParOldGen       total 42496K, used 13112K [0x00000000c3400000, 0x00000000c5d80000, 0x00000000ebc00000)
  object space 42496K, 30% used [0x00000000c3400000,0x00000000c40ce178,0x00000000c5d80000)
 Metaspace       used 20128K, capacity 21000K, committed 21248K, reserved 1067008K
  class space    used 2498K, capacity 2705K, committed 2816K, reserved 1048576K
}
Event: 5.044 GC heap before
{Heap before GC invocations=7 (full 0):
 PSYoungGen      total 66048K, used 5336K [0x00000000ebc00000, 0x00000000eff00000, 0x0000000100000000)
  eden space 63488K, 4% used [0x00000000ebc00000,0x00000000ebebcf20,0x00000000efa00000)
  from space 2560K, 98% used [0x00000000efc80000,0x00000000efef9178,0x00000000eff00000)
  to   space 2560K, 0% used [0x00000000efa00000,0x00000000efa00000,0x00000000efc80000)
 ParOldGen       total 42496K, used 13112K [0x00000000c3400000, 0x00000000c5d80000, 0x00000000ebc00000)
  object space 42496K, 30% used [0x00000000c3400000,0x00000000c40ce178,0x00000000c5d80000)
 Metaspace       used 20249K, capacity 21144K, committed 21248K, reserved 1067008K
  class space    used 2518K, capacity 2713K, committed 2816K, reserved 1048576K
Event: 5.057 GC heap after
Heap after GC invocations=7 (full 0):
 PSYoungGen      total 66048K, used 2535K [0x00000000ebc00000, 0x00000000eff00000, 0x0000000100000000)
  eden space 63488K, 0% used [0x00000000ebc00000,0x00000000ebc00000,0x00000000efa00000)
  from space 2560K, 99% used [0x00000000efa00000,0x00000000efc79e28,0x00000000efc80000)
  to   space 2560K, 0% used [0x00000000efc80000,0x00000000efc80000,0x00000000eff00000)
 ParOldGen       total 42496K, used 13700K [0x00000000c3400000, 0x00000000c5d80000, 0x00000000ebc00000)
  object space 42496K, 32% used [0x00000000c3400000,0x00000000c4161278,0x00000000c5d80000)
 Metaspace       used 20249K, capacity 21144K, committed 21248K, reserved 1067008K
  class space    used 2518K, capacity 2713K, committed 2816K, reserved 1048576K
}
Event: 5.057 GC heap before
{Heap before GC invocations=8 (full 1):
 PSYoungGen      total 66048K, used 2535K [0x00000000ebc00000, 0x00000000eff00000, 0x0000000100000000)
  eden space 63488K, 0% used [0x00000000ebc00000,0x00000000ebc00000,0x00000000efa00000)
  from space 2560K, 99% used [0x00000000efa00000,0x00000000efc79e28,0x00000000efc80000)
  to   space 2560K, 0% used [0x00000000efc80000,0x00000000efc80000,0x00000000eff00000)
 ParOldGen       total 42496K, used 13700K [0x00000000c3400000, 0x00000000c5d80000, 0x00000000ebc00000)
  object space 42496K, 32% used [0x00000000c3400000,0x00000000c4161278,0x00000000c5d80000)
 Metaspace       used 20249K, capacity 21144K, committed 21248K, reserved 1067008K
  class space    used 2518K, capacity 2713K, committed 2816K, reserved 1048576K
Event: 5.121 GC heap after
Heap after GC invocations=8 (full 1):
 PSYoungGen      total 66048K, used 0K [0x00000000ebc00000, 0x00000000eff00000, 0x0000000100000000)
  eden space 63488K, 0% used [0x00000000ebc00000,0x00000000ebc00000,0x00000000efa00000)
  from space 2560K, 0% used [0x00000000efa00000,0x00000000efa00000,0x00000000efc80000)
  to   space 2560K, 0% used [0x00000000efc80000,0x00000000efc80000,0x00000000eff00000)
 ParOldGen       total 37376K, used 12920K [0x00000000c3400000, 0x00000000c5880000, 0x00000000ebc00000)
  object space 37376K, 34% used [0x00000000c3400000,0x00000000c409e0c0,0x00000000c5880000)
 Metaspace       used 20249K, capacity 21144K, committed 21248K, reserved 1067008K
  class space    used 2518K, capacity 2713K, committed 2816K, reserved 1048576K
}
Event: 6.745 GC heap before
{Heap before GC invocations=9 (full 1):
 PSYoungGen      total 66048K, used 63488K [0x00000000ebc00000, 0x00000000eff00000, 0x0000000100000000)
  eden space 63488K, 100% used [0x00000000ebc00000,0x00000000efa00000,0x00000000efa00000)
  from space 2560K, 0% used [0x00000000efa00000,0x00000000efa00000,0x00000000efc80000)
  to   space 2560K, 0% used [0x00000000efc80000,0x00000000efc80000,0x00000000eff00000)
 ParOldGen       total 37376K, used 12920K [0x00000000c3400000, 0x00000000c5880000, 0x00000000ebc00000)
  object space 37376K, 34% used [0x00000000c3400000,0x00000000c409e0c0,0x00000000c5880000)
 Metaspace       used 22968K, capacity 24316K, committed 24448K, reserved 1071104K
  class space    used 2891K, capacity 3168K, committed 3200K, reserved 1048576K
Event: 6.754 GC heap after
Heap after GC invocations=9 (full 1):
 PSYoungGen      total 66048K, used 2553K [0x00000000ebc00000, 0x00000000eff00000, 0x0000000100000000)
  eden space 63488K, 0% used [0x00000000ebc00000,0x00000000ebc00000,0x00000000efa00000)
  from space 2560K, 99% used [0x00000000efc80000,0x00000000efefe668,0x00000000eff00000)
  to   space 2560K, 0% used [0x00000000efa00000,0x00000000efa00000,0x00000000efc80000)
 ParOldGen       total 37376K, used 15749K [0x00000000c3400000, 0x00000000c5880000, 0x00000000ebc00000)
  object space 37376K, 42% used [0x00000000c3400000,0x00000000c43615b0,0x00000000c5880000)
 Metaspace       used 22968K, capacity 24316K, committed 24448K, reserved 1071104K
  class space    used 2891K, capacity 3168K, committed 3200K, reserved 1048576K
}

Deoptimization events (10 events):
Event: 6.778 Thread 0x0000000016c78800 Uncommon trap: reason=class_check action=maybe_recompile pc=0x00000000039b9ec0 method=org.springframework.util.ConcurrentReferenceHashMap$Segment.findInChain(Lorg/springframework/util/ConcurrentReferenceHashMap$Reference;Ljava/lang/Object;I)Lorg/springfra
Event: 6.801 Thread 0x0000000016c78800 Uncommon trap: reason=class_check action=maybe_recompile pc=0x00000000039b9ec0 method=org.springframework.util.ConcurrentReferenceHashMap$Segment.findInChain(Lorg/springframework/util/ConcurrentReferenceHashMap$Reference;Ljava/lang/Object;I)Lorg/springfra
Event: 6.805 Thread 0x0000000016c78800 Uncommon trap: reason=class_check action=maybe_recompile pc=0x00000000039b9ec0 method=org.springframework.util.ConcurrentReferenceHashMap$Segment.findInChain(Lorg/springframework/util/ConcurrentReferenceHashMap$Reference;Ljava/lang/Object;I)Lorg/springfra
Event: 6.809 Thread 0x0000000016c78800 Uncommon trap: reason=class_check action=maybe_recompile pc=0x00000000039b9ec0 method=org.springframework.util.ConcurrentReferenceHashMap$Segment.findInChain(Lorg/springframework/util/ConcurrentReferenceHashMap$Reference;Ljava/lang/Object;I)Lorg/springfra
Event: 6.814 Thread 0x0000000016c78800 Uncommon trap: reason=class_check action=maybe_recompile pc=0x000000000396f450 method=org.springframework.util.ConcurrentReferenceHashMap$Segment.findInChain(Lorg/springframework/util/ConcurrentReferenceHashMap$Reference;Ljava/lang/Object;I)Lorg/springfra
Event: 6.818 Thread 0x0000000016c78800 Uncommon trap: reason=class_check action=maybe_recompile pc=0x000000000393308c method=org.springframework.util.ConcurrentReferenceHashMap$Segment.findInChain(Lorg/springframework/util/ConcurrentReferenceHashMap$Reference;Ljava/lang/Object;I)Lorg/springfra
Event: 6.897 Thread 0x0000000016c78800 Uncommon trap: reason=class_check action=maybe_recompile pc=0x0000000003ae3b80 method=org.springframework.util.ConcurrentReferenceHashMap$Segment.findInChain(Lorg/springframework/util/ConcurrentReferenceHashMap$Reference;Ljava/lang/Object;I)Lorg/springfra
Event: 6.916 Thread 0x0000000016c78800 Uncommon trap: reason=unstable_if action=reinterpret pc=0x000000000340a1b8 method=java.lang.reflect.Method.equals(Ljava/lang/Object;)Z @ 49
Event: 6.926 Thread 0x0000000016c78800 Uncommon trap: reason=class_check action=maybe_recompile pc=0x0000000003ae3b80 method=org.springframework.util.ConcurrentReferenceHashMap$Segment.findInChain(Lorg/springframework/util/ConcurrentReferenceHashMap$Reference;Ljava/lang/Object;I)Lorg/springfra
Event: 7.947 Thread 0x0000000016c78800 Uncommon trap: reason=unstable_if action=reinterpret pc=0x0000000003ada204 method=org.springframework.beans.factory.support.AbstractBeanFactory.isTypeMatch(Ljava/lang/String;Lorg/springframework/core/ResolvableType;Z)Z @ 99

Classes redefined (0 events):
No events

Internal exceptions (10 events):
Event: 3.990 Thread 0x0000000016c78800 Exception <a 'java/lang/ClassNotFoundException': org/springframework/beans/factory/AwareCustomizer> (0x00000000eef721f8) thrown at [C:\re\workspace\8-2-build-windows-amd64-cygwin\jdk8u202\12323\hotspot\src\share\vm\classfile\systemDictionary.cpp, line 210
Event: 3.991 Thread 0x0000000016c78800 Exception <a 'java/lang/ClassNotFoundException': org/springframework/context/EnvironmentAwareCustomizer> (0x00000000eef8bcb8) thrown at [C:\re\workspace\8-2-build-windows-amd64-cygwin\jdk8u202\12323\hotspot\src\share\vm\classfile\systemDictionary.cpp, lin
Event: 3.992 Thread 0x0000000016c78800 Exception <a 'java/lang/ClassNotFoundException': org/springframework/beans/factory/AwareCustomizer> (0x00000000eefa4dd0) thrown at [C:\re\workspace\8-2-build-windows-amd64-cygwin\jdk8u202\12323\hotspot\src\share\vm\classfile\systemDictionary.cpp, line 210
Event: 4.377 Thread 0x00000000176f6000 Exception <a 'java/lang/IncompatibleClassChangeError': Found class java.lang.Object, but interface was expected> (0x00000000ebf405b8) thrown at [C:\re\workspace\8-2-build-windows-amd64-cygwin\jdk8u202\12323\hotspot\src\share\vm\interpreter\linkResolver.cp
Event: 4.769 Thread 0x0000000016c78800 Exception <a 'java/lang/NoSuchMethodError': java.lang.Object.lambda$or$2(Ljava/util/function/Predicate;Ljava/lang/Object;)Z> (0x00000000eca14250) thrown at [C:\re\workspace\8-2-build-windows-amd64-cygwin\jdk8u202\12323\hotspot\src\share\vm\interpreter\lin
Event: 5.025 Thread 0x0000000016c78800 Exception <a 'java/lang/IncompatibleClassChangeError': Found class java.lang.Object, but interface was expected> (0x00000000ebd99c20) thrown at [C:\re\workspace\8-2-build-windows-amd64-cygwin\jdk8u202\12323\hotspot\src\share\vm\interpreter\linkResolver.cp
Event: 5.189 Thread 0x0000000016c78800 Exception <a 'java/lang/NoSuchMethodError': java.lang.Object.lambda$getAllAnnotationAttributes$0(Lorg/springframework/util/MultiValueMap;)Lorg/springframework/util/MultiValueMap;> (0x00000000ebda4aa8) thrown at [C:\re\workspace\8-2-build-windows-amd64-cyg
Event: 5.190 Thread 0x0000000016c78800 Exception <a 'java/lang/NoSuchMethodError': java.lang.Object.lambda$identity$2(Ljava/lang/Object;)Ljava/lang/Object;> (0x00000000ebdb92b8) thrown at [C:\re\workspace\8-2-build-windows-amd64-cygwin\jdk8u202\12323\hotspot\src\share\vm\interpreter\linkResolv
Event: 6.866 Thread 0x0000000016c78800 Exception <a 'java/lang/NoSuchMethodError': java.lang.Object.lambda$getRequiredAttribute$0(Ljava/lang/String;)Ljava/lang/IllegalArgumentException;> (0x00000000ebfe1ba0) thrown at [C:\re\workspace\8-2-build-windows-amd64-cygwin\jdk8u202\12323\hotspot\src\s
Event: 6.984 Thread 0x0000000016c78800 Exception <a 'java/lang/NoSuchMethodError': java.lang.Object.lambda$and$5([Ljava/lang/Object;)Ljava/util/stream/Stream;> (0x00000000ec40be88) thrown at [C:\re\workspace\8-2-build-windows-amd64-cygwin\jdk8u202\12323\hotspot\src\share\vm\interpreter\linkRes

Events (10 events):
Event: 8.073 loading class org/springframework/cglib/core/EmitUtils$8
Event: 8.073 loading class org/springframework/cglib/core/EmitUtils$8 done
Event: 8.086 Thread 0x00000000155dd000 flushing nmethod 0x00000000033da5d0
Event: 8.086 Thread 0x00000000155dd000 flushing nmethod 0x00000000033e3b50
Event: 8.086 Thread 0x00000000155dd000 flushing nmethod 0x00000000033ee010
Event: 8.086 Thread 0x00000000155dd000 flushing nmethod 0x0000000003408a10
Event: 8.086 Thread 0x00000000155dd000 flushing nmethod 0x0000000003428e50
Event: 8.086 Thread 0x00000000155dd000 flushing nmethod 0x000000000345d450
Event: 8.086 Thread 0x00000000155dd000 flushing nmethod 0x0000000003462dd0
Event: 8.086 Thread 0x00000000155dd000 flushing nmethod 0x00000000034891d0


Dynamic libraries:
0x00007ff7bccd0000 - 0x00007ff7bcd07000 	C:\Program Files\Java\jdk1.8.0_202\bin\java.exe
0x00007ffded670000 - 0x00007ffded868000 	C:\WINDOWS\SYSTEM32\ntdll.dll
0x00007ffdec5c0000 - 0x00007ffdec67f000 	C:\WINDOWS\System32\KERNEL32.DLL
0x00007ffdeb360000 - 0x00007ffdeb656000 	C:\WINDOWS\System32\KERNELBASE.dll
0x00007ffdec680000 - 0x00007ffdec72f000 	C:\WINDOWS\System32\ADVAPI32.dll
0x00007ffdecd80000 - 0x00007ffdece1e000 	C:\WINDOWS\System32\msvcrt.dll
0x00007ffdec790000 - 0x00007ffdec82c000 	C:\WINDOWS\System32\sechost.dll
0x00007ffded480000 - 0x00007ffded5a6000 	C:\WINDOWS\System32\RPCRT4.dll
0x00007ffdebfc0000 - 0x00007ffdec15d000 	C:\WINDOWS\System32\USER32.dll
0x00007ffdeaf40000 - 0x00007ffdeaf62000 	C:\WINDOWS\System32\win32u.dll
0x00007ffded220000 - 0x00007ffded24c000 	C:\WINDOWS\System32\GDI32.dll
0x00007ffdeb0f0000 - 0x00007ffdeb205000 	C:\WINDOWS\System32\gdi32full.dll
0x00007ffdeafa0000 - 0x00007ffdeb03d000 	C:\WINDOWS\System32\msvcp_win.dll
0x00007ffdeae40000 - 0x00007ffdeaf40000 	C:\WINDOWS\System32\ucrtbase.dll
0x00007ffdda0f0000 - 0x00007ffdda38a000 	C:\WINDOWS\WinSxS\amd64_microsoft.windows.common-controls_6595b64144ccf1df_6.0.19041.1110_none_60b5254171f9507e\COMCTL32.dll
0x00007ffdec590000 - 0x00007ffdec5c0000 	C:\WINDOWS\System32\IMM32.DLL
0x000000006cba0000 - 0x000000006cc72000 	C:\Program Files\Java\jdk1.8.0_202\jre\bin\msvcr100.dll
0x000000006cc80000 - 0x000000006d525000 	C:\Program Files\Java\jdk1.8.0_202\jre\bin\server\jvm.dll
0x00007ffded620000 - 0x00007ffded628000 	C:\WINDOWS\System32\PSAPI.DLL
0x00007ffde4010000 - 0x00007ffde4019000 	C:\WINDOWS\SYSTEM32\WSOCK32.dll
0x00007ffded5b0000 - 0x00007ffded61b000 	C:\WINDOWS\System32\WS2_32.dll
0x00007ffde2b80000 - 0x00007ffde2b8a000 	C:\WINDOWS\SYSTEM32\VERSION.dll
0x00007ffdc6fb0000 - 0x00007ffdc6fd7000 	C:\WINDOWS\SYSTEM32\WINMM.dll
0x00007ffde68d0000 - 0x00007ffde68df000 	C:\Program Files\Java\jdk1.8.0_202\jre\bin\verify.dll
0x00007ffdce450000 - 0x00007ffdce479000 	C:\Program Files\Java\jdk1.8.0_202\jre\bin\java.dll
0x00007ffdd7df0000 - 0x00007ffdd7e06000 	C:\Program Files\Java\jdk1.8.0_202\jre\bin\zip.dll
0x00007ffdeb870000 - 0x00007ffdebfb4000 	C:\WINDOWS\System32\SHELL32.dll
0x00007ffde8eb0000 - 0x00007ffde9643000 	C:\WINDOWS\SYSTEM32\windows.storage.dll
0x00007ffdec230000 - 0x00007ffdec584000 	C:\WINDOWS\System32\combase.dll
0x00007ffdea6d0000 - 0x00007ffdea6fe000 	C:\WINDOWS\SYSTEM32\Wldp.dll
0x00007ffded3d0000 - 0x00007ffded47d000 	C:\WINDOWS\System32\SHCORE.dll
0x00007ffdecd20000 - 0x00007ffdecd75000 	C:\WINDOWS\System32\shlwapi.dll
0x00007ffdead80000 - 0x00007ffdead9f000 	C:\WINDOWS\SYSTEM32\profapi.dll
0x00007ffde6840000 - 0x00007ffde684d000 	C:\Program Files\Java\jdk1.8.0_202\jre\bin\management.dll
0x00007ffdd7980000 - 0x00007ffdd799a000 	C:\Program Files\Java\jdk1.8.0_202\jre\bin\net.dll
0x00007ffddb8d0000 - 0x00007ffddbabc000 	C:\WINDOWS\SYSTEM32\urlmon.dll
0x00007ffddbc80000 - 0x00007ffddbf31000 	C:\WINDOWS\SYSTEM32\iertutil.dll
0x00007ffdea2d0000 - 0x00007ffdea2dc000 	C:\WINDOWS\SYSTEM32\netutils.dll
0x00007ffddb8a0000 - 0x00007ffddb8c8000 	C:\WINDOWS\SYSTEM32\srvcli.dll
0x00007ffdea4b0000 - 0x00007ffdea51a000 	C:\WINDOWS\system32\mswsock.dll
0x00007ffdd30a0000 - 0x00007ffdd30b7000 	C:\WINDOWS\system32\napinsp.dll
0x00007ffdd3080000 - 0x00007ffdd309b000 	C:\WINDOWS\system32\pnrpnsp.dll
0x00007ffdc93e0000 - 0x00007ffdc93f5000 	C:\WINDOWS\system32\wshbth.dll
0x00007ffde6780000 - 0x00007ffde679d000 	C:\WINDOWS\system32\NLAapi.dll
0x00007ffdea1c0000 - 0x00007ffdea1fc000 	C:\WINDOWS\SYSTEM32\IPHLPAPI.DLL
0x00007ffdea200000 - 0x00007ffdea2ca000 	C:\WINDOWS\SYSTEM32\DNSAPI.dll
0x00007ffdecf80000 - 0x00007ffdecf88000 	C:\WINDOWS\System32\NSI.dll
0x00007ffdc9280000 - 0x00007ffdc9292000 	C:\WINDOWS\System32\winrnr.dll
0x00007ffdd7aa0000 - 0x00007ffdd7aaa000 	C:\Windows\System32\rasadhlp.dll
0x00007ffdda530000 - 0x00007ffdda5b2000 	C:\WINDOWS\System32\fwpuclnt.dll
0x00007ffdeaf70000 - 0x00007ffdeaf97000 	C:\WINDOWS\System32\bcrypt.dll
0x00007ffdd6870000 - 0x00007ffdd6882000 	C:\Program Files\Java\jdk1.8.0_202\jre\bin\nio.dll

VM Arguments:
java_command: com.lgf.portafolio.PortafolioApplication
java_class_path (initial): C:\Users\Usuario\Documents\NetBeansProjects\lgf_portafolio\lgf_portafolio\target\classes;C:\Users\Usuario\.m2\repository\org\springframework\boot\spring-boot-starter-data-jdbc\2.7.3\spring-boot-starter-data-jdbc-2.7.3.jar;C:\Users\Usuario\.m2\repository\org\springframework\boot\spring-boot-starter-jdbc\2.7.3\spring-boot-starter-jdbc-2.7.3.jar;C:\Users\Usuario\.m2\repository\com\zaxxer\HikariCP\4.0.3\HikariCP-4.0.3.jar;C:\Users\Usuario\.m2\repository\org\springframework\spring-jdbc\5.3.22\spring-jdbc-5.3.22.jar;C:\Users\Usuario\.m2\repository\org\springframework\data\spring-data-jdbc\2.4.2\spring-data-jdbc-2.4.2.jar;C:\Users\Usuario\.m2\repository\org\springframework\data\spring-data-relational\2.4.2\spring-data-relational-2.4.2.jar;C:\Users\Usuario\.m2\repository\org\springframework\boot\spring-boot-starter-data-jpa\2.7.3\spring-boot-starter-data-jpa-2.7.3.jar;C:\Users\Usuario\.m2\repository\org\springframework\boot\spring-boot-starter-aop\2.7.3\spring-boot-starter-aop-2.7.3.jar;C:\Users\Usuario\.m2\repository\org\aspectj\aspectjweaver\1.9.7\aspectjweaver-1.9.7.jar;C:\Users\Usuario\.m2\repository\jakarta\transaction\jakarta.transaction-api\1.3.3\jakarta.transaction-api-1.3.3.jar;C:\Users\Usuario\.m2\repository\jakarta\persistence\jakarta.persistence-api\2.2.3\jakarta.persistence-api-2.2.3.jar;C:\Users\Usuario\.m2\repository\org\hibernate\hibernate-core\5.6.10.Final\hibernate-core-5.6.10.Final.jar;C:\Users\Usuario\.m2\repository\org\jboss\logging\jboss-logging\3.4.3.Final\jboss-logging-3.4.3.Final.jar;C:\Users\Usuario\.m2\repository\net\bytebuddy\byte-buddy\1.12.13\byte-buddy-1.12.13.jar;C:\Users\Usuario\.m2\repository\antlr\antlr\2.7.7\antlr-2.7.7.jar;C:\Users\Usuario\.m2\repository\org\jboss\jandex\2.4.2.Final\jandex-2.4.2.Final.jar;C:\Users\Usuario\.m2\repository\com\fasterxml\classmate\1.5.1\classmate-1.5.1.jar;C:\Users\Usuario\.m2\repository\org\hibernate\common\hibernate-commons-annotations\5.1.2.Final\hibernate-commons-annotations-
Launcher Type: SUN_STANDARD

Environment Variables:
JAVA_HOME=C:\Program Files\Java\jdk1.8.0_202
PATH=C:\Program Files (x86)\Common Files\Oracle\Java\javapath;C:\WINDOWS\system32;C:\WINDOWS;C:\WINDOWS\System32\Wbem;C:\WINDOWS\System32\WindowsPowerShell\v1.0\;C:\WINDOWS\System32\OpenSSH\;C:\Program Files\nodejs\;C:\Program Files\Git\cmd;C:\Program Files\Git\mingw64\bin;C:\Program Files\Git\usr\bin;C:\xampp\php;C:\Program Files\MySQL\MySQL Server 8.0\bin;C:\ProgramData\ComposerSetup\bin;;C:\Program Files\Docker\Docker\resources\bin;C:\Program Files\MySQL\MySQL Shell 8.0\bin\;C:\Users\Usuario\AppData\Local\Microsoft\WindowsApps;C:\Microsoft VS Code\bin;C:\Users\Usuario\AppData\Roaming\npm;C:\Users\Usuario\AppData\Roaming\Composer\vendor\bin;
USERNAME=Usuario
OS=Windows_NT
PROCESSOR_IDENTIFIER=Intel64 Family 6 Model 142 Stepping 12, GenuineIntel



---------------  S Y S T E M  ---------------

OS: Windows 10.0 , 64 bit Build 19041 (10.0.19041.3031)

CPU:total 2 (initial active 2) (2 cores per cpu, 1 threads per core) family 6 model 142 stepping 12, cmov, cx8, fxsr, mmx, sse, sse2, sse3, ssse3, sse4.1, sse4.2, popcnt, aes, clmul, erms, 3dnowpref, lzcnt, tsc, tscinvbit

Memory: 4k page, physical 3974644k(305260k free), swap 16033268k(3100k free)

vm_info: Java HotSpot(TM) 64-Bit Server VM (25.202-b08) for windows-amd64 JRE (1.8.0_202-b08), built on Dec 15 2018 19:54:30 by "java_re" with MS VC++ 10.0 (VS2010)

time: Wed Jun 28 11:01:54 2023
timezone: Hora estándar de Argentina
elapsed time: 8 seconds (0d 0h 0m 8s)

