#
# There is insufficient memory for the Java Runtime Environment to continue.
# Native memory allocation (malloc) failed to allocate 531056 bytes for Chunk::new
# Possible reasons:
#   The system is out of physical RAM or swap space
#   The process is running with CompressedOops enabled, and the Java Heap may be blocking the growth of the native heap
# Possible solutions:
#   Reduce memory load on the system
#   Increase physical memory or swap space
#   Check if swap backing store is full
#   Decrease Java heap size (-Xmx/-Xms)
#   Decrease number of Java threads
#   Decrease Java thread stack sizes (-Xss)
#   Set larger code cache with -XX:ReservedCodeCacheSize=
#   JVM is running with Unscaled Compressed Oops mode in which the Java heap is
#     placed in the first 4GB address space. The Java Heap base address is the
#     maximum limit for the native heap growth. Please use -XX:HeapBaseMinAddress
#     to set the Java Heap base and to place the Java Heap above 4GB virtual address.
# This output file may be truncated or incomplete.
#
#  Out of Memory Error (allocation.cpp:389), pid=9292, tid=0x0000000000001808
#
# JRE version: Java(TM) SE Runtime Environment (8.0_202-b08) (build 1.8.0_202-b08)
# Java VM: Java HotSpot(TM) 64-Bit Server VM (25.202-b08 mixed mode windows-amd64 compressed oops)
# Failed to write core dump. Minidumps are not enabled by default on client versions of Windows
#

---------------  T H R E A D  ---------------

Current thread (0x00000000148f7000):  JavaThread "C2 CompilerThread0" daemon [_thread_in_native, id=6152, stack(0x0000000015950000,0x0000000015a50000)]

Stack: [0x0000000015950000,0x0000000015a50000]
[error occurred during error reporting (printing stack bounds), id 0xc0000005]

Native frames: (J=compiled Java code, j=interpreted, Vv=VM code, C=native code)


Current CompileTask:
C2:   2435  672       4       java.io.WinNTFileSystem::normalize (143 bytes)


---------------  P R O C E S S  ---------------

Java Threads: ( => current thread )
  0x0000000016008000 JavaThread "surefire-forkedjvm-ping-30s" daemon [_thread_in_native, id=7244, stack(0x00000000163c0000,0x00000000164c0000)]
  0x0000000015fb1000 JavaThread "surefire-forkedjvm-command-thread" daemon [_thread_in_native, id=5932, stack(0x00000000162c0000,0x00000000163c0000)]
  0x0000000014968000 JavaThread "Service Thread" daemon [_thread_blocked, id=15920, stack(0x0000000015b50000,0x0000000015c50000)]
  0x00000000148f8800 JavaThread "C1 CompilerThread1" daemon [_thread_blocked, id=9652, stack(0x0000000015a50000,0x0000000015b50000)]
=>0x00000000148f7000 JavaThread "C2 CompilerThread0" daemon [_thread_in_native, id=6152, stack(0x0000000015950000,0x0000000015a50000)]
  0x0000000014906000 JavaThread "Attach Listener" daemon [_thread_blocked, id=10288, stack(0x0000000015850000,0x0000000015950000)]
  0x0000000014903000 JavaThread "Signal Dispatcher" daemon [_thread_blocked, id=16160, stack(0x0000000015750000,0x0000000015850000)]
  0x0000000002649000 JavaThread "Finalizer" daemon [_thread_blocked, id=16244, stack(0x0000000015530000,0x0000000015630000)]
  0x00000000148e8000 JavaThread "Reference Handler" daemon [_thread_blocked, id=8648, stack(0x0000000015430000,0x0000000015530000)]
  0x0000000002552800 JavaThread "main" [_thread_in_vm, id=12564, stack(0x0000000002350000,0x0000000002450000)]

Other Threads:
  0x00000000148c7800 VMThread [stack: 0x0000000015330000,0x0000000015430000] [id=15384]
  0x000000001496a800 WatcherThread [stack: 0x0000000015dc0000,0x0000000015ec0000] [id=5788]

VM state:not at safepoint (normal execution)

VM Mutex/Monitor currently owned by a thread: None

heap address: 0x00000000c3400000, size: 972 MB, Compressed Oops mode: 32-bit
Narrow klass base: 0x0000000000000000, Narrow klass shift: 3
Compressed class space size: 1073741824 Address: 0x0000000100000000

Heap:
 PSYoungGen      total 18432K, used 8623K [0x00000000ebc00000, 0x00000000ee000000, 0x0000000100000000)
  eden space 15872K, 38% used [0x00000000ebc00000,0x00000000ec1f1fa0,0x00000000ecb80000)
  from space 2560K, 99% used [0x00000000ecb80000,0x00000000ecdf9dc8,0x00000000ece00000)
  to   space 2560K, 0% used [0x00000000edd80000,0x00000000edd80000,0x00000000ee000000)
 ParOldGen       total 42496K, used 365K [0x00000000c3400000, 0x00000000c5d80000, 0x00000000ebc00000)
  object space 42496K, 0% used [0x00000000c3400000,0x00000000c345b7b0,0x00000000c5d80000)
 Metaspace       used 7820K, capacity 8206K, committed 8576K, reserved 1056768K
  class space    used 929K, capacity 1029K, committed 1152K, reserved 1048576K

Card table byte_map: [0x0000000011a10000,0x0000000011c00000] byte_map_base: 0x00000000113f6000

Marking Bits: (ParMarkBitMap*) 0x000000006d4a5ce0
 Begin Bits: [0x0000000011f50000, 0x0000000012e80000)
 End Bits:   [0x0000000012e80000, 0x0000000013db0000)

Polling page: 0x0000000000b30000

CodeCache: size=245760Kb used=2719Kb max_used=2719Kb free=243040Kb
 bounds [0x0000000002650000, 0x0000000002900000, 0x0000000011650000]
 total_blobs=980 nmethods=673 adapters=221
 compilation: enabled

Compilation events (10 events):
Event: 2.387 Thread 0x00000000148f8800 nmethod 669 0x00000000028f47d0 code [0x00000000028f4920, 0x00000000028f4ad0]
Event: 2.387 Thread 0x00000000148f8800  670       1       java.lang.invoke.MethodHandles$Lookup::lookupClass (5 bytes)
Event: 2.387 Thread 0x00000000148f8800 nmethod 670 0x00000000028f4510 code [0x00000000028f4660, 0x00000000028f4770]
Event: 2.388 Thread 0x00000000148f8800  671       3       java.util.jar.JarFile::getManifest (5 bytes)
Event: 2.389 Thread 0x00000000148f8800 nmethod 671 0x00000000028f4190 code [0x00000000028f4300, 0x00000000028f4488]
Event: 2.399 Thread 0x00000000148f7000  672       4       java.io.WinNTFileSystem::normalize (143 bytes)
Event: 2.409 Thread 0x00000000148f8800  673       1       java.util.logging.Logger::getName (5 bytes)
Event: 2.409 Thread 0x00000000148f8800 nmethod 673 0x00000000028f8b50 code [0x00000000028f8ca0, 0x00000000028f8db0]
Event: 2.423 Thread 0x00000000148f8800  674   !   3       sun.misc.URLClassPath$FileLoader::getResource (164 bytes)
Event: 2.426 Thread 0x00000000148f8800 nmethod 674 0x00000000028f6110 code [0x00000000028f6440, 0x00000000028f7c88]

GC Heap History (2 events):
Event: 1.837 GC heap before
{Heap before GC invocations=1 (full 0):
 PSYoungGen      total 18432K, used 15872K [0x00000000ebc00000, 0x00000000ed080000, 0x0000000100000000)
  eden space 15872K, 100% used [0x00000000ebc00000,0x00000000ecb80000,0x00000000ecb80000)
  from space 2560K, 0% used [0x00000000ece00000,0x00000000ece00000,0x00000000ed080000)
  to   space 2560K, 0% used [0x00000000ecb80000,0x00000000ecb80000,0x00000000ece00000)
 ParOldGen       total 42496K, used 0K [0x00000000c3400000, 0x00000000c5d80000, 0x00000000ebc00000)
  object space 42496K, 0% used [0x00000000c3400000,0x00000000c3400000,0x00000000c5d80000)
 Metaspace       used 6914K, capacity 7216K, committed 7296K, reserved 1056768K
  class space    used 796K, capacity 890K, committed 896K, reserved 1048576K
Event: 1.857 GC heap after
Heap after GC invocations=1 (full 0):
 PSYoungGen      total 18432K, used 2535K [0x00000000ebc00000, 0x00000000ee000000, 0x0000000100000000)
  eden space 15872K, 0% used [0x00000000ebc00000,0x00000000ebc00000,0x00000000ecb80000)
  from space 2560K, 99% used [0x00000000ecb80000,0x00000000ecdf9dc8,0x00000000ece00000)
  to   space 2560K, 0% used [0x00000000edd80000,0x00000000edd80000,0x00000000ee000000)
 ParOldGen       total 42496K, used 365K [0x00000000c3400000, 0x00000000c5d80000, 0x00000000ebc00000)
  object space 42496K, 0% used [0x00000000c3400000,0x00000000c345b7b0,0x00000000c5d80000)
 Metaspace       used 6914K, capacity 7216K, committed 7296K, reserved 1056768K
  class space    used 796K, capacity 890K, committed 896K, reserved 1048576K
}

Deoptimization events (1 events):
Event: 0.887 Thread 0x0000000002552800 Uncommon trap: reason=unstable_if action=reinterpret pc=0x00000000027cf238 method=java.lang.String.startsWith(Ljava/lang/String;I)Z @ 25

Classes redefined (0 events):
No events

Internal exceptions (10 events):
Event: 0.116 Thread 0x0000000002552800 Exception <a 'java/lang/NoSuchMethodError': Method sun.misc.Unsafe.prefetchRead(Ljava/lang/Object;J)V name or signature does not match> (0x00000000ebc07f98) thrown at [C:\re\workspace\8-2-build-windows-amd64-cygwin\jdk8u202\12323\hotspot\src\share\vm\prim
Event: 0.281 Thread 0x0000000002552800 Exception <a 'java/io/FileNotFoundException'> (0x00000000ebc56af8) thrown at [C:\re\workspace\8-2-build-windows-amd64-cygwin\jdk8u202\12323\hotspot\src\share\vm\prims\jni.cpp, line 710]
Event: 0.503 Thread 0x0000000002552800 Exception <a 'java/security/PrivilegedActionException'> (0x00000000ec15a500) thrown at [C:\re\workspace\8-2-build-windows-amd64-cygwin\jdk8u202\12323\hotspot\src\share\vm\prims\jvm.cpp, line 1502]
Event: 0.504 Thread 0x0000000002552800 Exception <a 'java/security/PrivilegedActionException'> (0x00000000ec15a8f8) thrown at [C:\re\workspace\8-2-build-windows-amd64-cygwin\jdk8u202\12323\hotspot\src\share\vm\prims\jvm.cpp, line 1502]
Event: 0.509 Thread 0x0000000002552800 Exception <a 'java/security/PrivilegedActionException'> (0x00000000ec15ebd8) thrown at [C:\re\workspace\8-2-build-windows-amd64-cygwin\jdk8u202\12323\hotspot\src\share\vm\prims\jvm.cpp, line 1502]
Event: 0.509 Thread 0x0000000002552800 Exception <a 'java/security/PrivilegedActionException'> (0x00000000ec15efd0) thrown at [C:\re\workspace\8-2-build-windows-amd64-cygwin\jdk8u202\12323\hotspot\src\share\vm\prims\jvm.cpp, line 1502]
Event: 1.323 Thread 0x0000000002552800 Exception <a 'java/lang/NoSuchFieldError': method resolution failed> (0x00000000ec6c3848) thrown at [C:\re\workspace\8-2-build-windows-amd64-cygwin\jdk8u202\12323\hotspot\src\share\vm\prims\methodHandles.cpp, line 1167]
Event: 1.335 Thread 0x0000000002552800 Exception <a 'java/lang/NoSuchFieldError': method resolution failed> (0x00000000ec6d0f30) thrown at [C:\re\workspace\8-2-build-windows-amd64-cygwin\jdk8u202\12323\hotspot\src\share\vm\prims\methodHandles.cpp, line 1167]
Event: 1.922 Thread 0x0000000002552800 Exception <a 'java/lang/NoSuchMethodError': java.lang.Object.lambda$or$2(Ljava/util/function/Predicate;Ljava/lang/Object;)Z> (0x00000000ebd6dbf8) thrown at [C:\re\workspace\8-2-build-windows-amd64-cygwin\jdk8u202\12323\hotspot\src\share\vm\interpreter\lin
Event: 2.235 Thread 0x0000000002552800 Exception <a 'java/lang/IncompatibleClassChangeError': Found class java.lang.Object, but interface was expected> (0x00000000ebee6340) thrown at [C:\re\workspace\8-2-build-windows-amd64-cygwin\jdk8u202\12323\hotspot\src\share\vm\interpreter\linkResolver.cp

Events (10 events):
Event: 2.404 loading class org/junit/jupiter/api/extension/TestInstantiationException
Event: 2.404 loading class org/junit/jupiter/api/extension/TestInstantiationException done
Event: 2.409 loading class org/junit/jupiter/engine/execution/ConditionEvaluator
Event: 2.409 loading class org/junit/jupiter/engine/execution/ConditionEvaluator done
Event: 2.417 loading class org/junit/jupiter/engine/execution/ConditionEvaluationException
Event: 2.417 loading class org/junit/jupiter/engine/execution/ConditionEvaluationException done
Event: 2.422 loading class org/junit/jupiter/api/extension/ConditionEvaluationResult
Event: 2.423 loading class org/junit/jupiter/api/extension/ConditionEvaluationResult done
Event: 2.429 loading class org/junit/jupiter/engine/execution/ExecutableInvoker
Event: 2.429 loading class org/junit/jupiter/engine/execution/ExecutableInvoker done


Dynamic libraries:
0x00007ff6615b0000 - 0x00007ff6615e7000 	C:\Program Files\Java\jdk1.8.0_202\jre\bin\java.exe
0x00007ffded670000 - 0x00007ffded868000 	C:\WINDOWS\SYSTEM32\ntdll.dll
0x00007ffdec5c0000 - 0x00007ffdec67f000 	C:\WINDOWS\System32\KERNEL32.DLL
0x00007ffdeb360000 - 0x00007ffdeb656000 	C:\WINDOWS\System32\KERNELBASE.dll
0x00007ffdec680000 - 0x00007ffdec72f000 	C:\WINDOWS\System32\ADVAPI32.dll
0x00007ffdecd80000 - 0x00007ffdece1e000 	C:\WINDOWS\System32\msvcrt.dll
0x00007ffdec790000 - 0x00007ffdec82c000 	C:\WINDOWS\System32\sechost.dll
0x00007ffded480000 - 0x00007ffded5a6000 	C:\WINDOWS\System32\RPCRT4.dll
0x00007ffdebfc0000 - 0x00007ffdec15d000 	C:\WINDOWS\System32\USER32.dll
0x00007ffdeaf40000 - 0x00007ffdeaf62000 	C:\WINDOWS\System32\win32u.dll
0x00007ffded220000 - 0x00007ffded24c000 	C:\WINDOWS\System32\GDI32.dll
0x00007ffdeb0f0000 - 0x00007ffdeb205000 	C:\WINDOWS\System32\gdi32full.dll
0x00007ffdeafa0000 - 0x00007ffdeb03d000 	C:\WINDOWS\System32\msvcp_win.dll
0x00007ffdeae40000 - 0x00007ffdeaf40000 	C:\WINDOWS\System32\ucrtbase.dll
0x00007ffdda0f0000 - 0x00007ffdda38a000 	C:\WINDOWS\WinSxS\amd64_microsoft.windows.common-controls_6595b64144ccf1df_6.0.19041.1110_none_60b5254171f9507e\COMCTL32.dll
0x00007ffdec590000 - 0x00007ffdec5c0000 	C:\WINDOWS\System32\IMM32.DLL
0x000000006cba0000 - 0x000000006cc72000 	C:\Program Files\Java\jdk1.8.0_202\jre\bin\msvcr100.dll
0x000000006cc80000 - 0x000000006d525000 	C:\Program Files\Java\jdk1.8.0_202\jre\bin\server\jvm.dll
0x00007ffded620000 - 0x00007ffded628000 	C:\WINDOWS\System32\PSAPI.DLL
0x00007ffde4010000 - 0x00007ffde4019000 	C:\WINDOWS\SYSTEM32\WSOCK32.dll
0x00007ffded5b0000 - 0x00007ffded61b000 	C:\WINDOWS\System32\WS2_32.dll
0x00007ffdc6fb0000 - 0x00007ffdc6fd7000 	C:\WINDOWS\SYSTEM32\WINMM.dll
0x00007ffde2b80000 - 0x00007ffde2b8a000 	C:\WINDOWS\SYSTEM32\VERSION.dll
0x00007ffde68d0000 - 0x00007ffde68df000 	C:\Program Files\Java\jdk1.8.0_202\jre\bin\verify.dll
0x00007ffdce450000 - 0x00007ffdce479000 	C:\Program Files\Java\jdk1.8.0_202\jre\bin\java.dll
0x00007ffdd7df0000 - 0x00007ffdd7e06000 	C:\Program Files\Java\jdk1.8.0_202\jre\bin\zip.dll
0x00007ffdeb870000 - 0x00007ffdebfb4000 	C:\WINDOWS\System32\SHELL32.dll
0x00007ffde8eb0000 - 0x00007ffde9643000 	C:\WINDOWS\SYSTEM32\windows.storage.dll
0x00007ffdec230000 - 0x00007ffdec584000 	C:\WINDOWS\System32\combase.dll
0x00007ffdea6d0000 - 0x00007ffdea6fe000 	C:\WINDOWS\SYSTEM32\Wldp.dll
0x00007ffded3d0000 - 0x00007ffded47d000 	C:\WINDOWS\System32\SHCORE.dll
0x00007ffdecd20000 - 0x00007ffdecd75000 	C:\WINDOWS\System32\shlwapi.dll
0x00007ffdead80000 - 0x00007ffdead9f000 	C:\WINDOWS\SYSTEM32\profapi.dll
0x00007ffde6840000 - 0x00007ffde684d000 	C:\Program Files\Java\jdk1.8.0_202\jre\bin\management.dll

VM Arguments:
java_command: C:\Users\Usuario\AppData\Local\Temp\surefire7861256767457662446\surefirebooter379770233475207301.jar C:\Users\Usuario\AppData\Local\Temp\surefire7861256767457662446 2023-06-28T11-10-21_475-jvmRun1 surefire1984649591590589794tmp surefire_03838748881418321518tmp
java_class_path (initial): C:\Users\Usuario\AppData\Local\Temp\surefire7861256767457662446\surefirebooter379770233475207301.jar
Launcher Type: SUN_STANDARD

Environment Variables:
JAVA_HOME=C:\Program Files\Java\jdk1.8.0_202
PATH=C:\Program Files (x86)\Common Files\Oracle\Java\javapath;C:\WINDOWS\system32;C:\WINDOWS;C:\WINDOWS\System32\Wbem;C:\WINDOWS\System32\WindowsPowerShell\v1.0\;C:\WINDOWS\System32\OpenSSH\;C:\Program Files\nodejs\;C:\Program Files\Git\cmd;C:\Program Files\Git\mingw64\bin;C:\Program Files\Git\usr\bin;C:\xampp\php;C:\Program Files\MySQL\MySQL Server 8.0\bin;C:\ProgramData\ComposerSetup\bin;;C:\Program Files\Docker\Docker\resources\bin;C:\Program Files\MySQL\MySQL Shell 8.0\bin\;C:\Users\Usuario\AppData\Local\Microsoft\WindowsApps;C:\Microsoft VS Code\bin;C:\Users\Usuario\AppData\Roaming\npm;C:\Users\Usuario\AppData\Roaming\Composer\vendor\bin;
USERNAME=Usuario
OS=Windows_NT
PROCESSOR_IDENTIFIER=Intel64 Family 6 Model 142 Stepping 12, GenuineIntel



---------------  S Y S T E M  ---------------

OS: Windows 10.0 , 64 bit Build 19041 (10.0.19041.3031)

CPU:total 2 (initial active 2) (2 cores per cpu, 1 threads per core) family 6 model 142 stepping 12, cmov, cx8, fxsr, mmx, sse, sse2, sse3, ssse3, sse4.1, sse4.2, popcnt, aes, clmul, erms, 3dnowpref, lzcnt, tsc, tscinvbit

Memory: 4k page, physical 3974644k(206176k free), swap 16033268k(2396k free)

vm_info: Java HotSpot(TM) 64-Bit Server VM (25.202-b08) for windows-amd64 JRE (1.8.0_202-b08), built on Dec 15 2018 19:54:30 by "java_re" with MS VC++ 10.0 (VS2010)

time: Wed Jun 28 11:10:31 2023
timezone: Hora estándar de Argentina
elapsed time: 2 seconds (0d 0h 0m 2s)

